{"C:\\Users\\Developer\\Documents\\projekty\\diplomova-prace\\quasar-club-system\\src\\composable\\useAuthUseCases.ts": {"path":"C:\\Users\\Developer\\Documents\\projekty\\diplomova-prace\\quasar-club-system\\src\\composable\\useAuthUseCases.ts","statementMap":{"0":{"start":{"line":14,"column":8},"end":{"line":14,"column":null}},"1":{"start":{"line":15,"column":8},"end":{"line":15,"column":null}},"2":{"start":{"line":16,"column":8},"end":{"line":16,"column":null}},"3":{"start":{"line":17,"column":8},"end":{"line":17,"column":null}},"4":{"start":{"line":18,"column":110},"end":{"line":18,"column":null}},"5":{"start":{"line":29,"column":25},"end":{"line":87,"column":null}},"6":{"start":{"line":31,"column":24},"end":{"line":31,"column":null}},"7":{"start":{"line":33,"column":4},"end":{"line":39,"column":null}},"8":{"start":{"line":34,"column":6},"end":{"line":34,"column":null}},"9":{"start":{"line":37,"column":26},"end":{"line":37,"column":null}},"10":{"start":{"line":38,"column":6},"end":{"line":38,"column":null}},"11":{"start":{"line":42,"column":4},"end":{"line":42,"column":null}},"12":{"start":{"line":45,"column":24},"end":{"line":83,"column":null}},"13":{"start":{"line":46,"column":6},"end":{"line":82,"column":null}},"14":{"start":{"line":47,"column":8},"end":{"line":47,"column":null}},"15":{"start":{"line":50,"column":28},"end":{"line":50,"column":null}},"16":{"start":{"line":51,"column":8},"end":{"line":51,"column":null}},"17":{"start":{"line":53,"column":8},"end":{"line":73,"column":null}},"18":{"start":{"line":54,"column":34},"end":{"line":54,"column":null}},"19":{"start":{"line":55,"column":10},"end":{"line":55,"column":null}},"20":{"start":{"line":57,"column":10},"end":{"line":60,"column":null}},"21":{"start":{"line":61,"column":10},"end":{"line":72,"column":null}},"22":{"start":{"line":62,"column":32},"end":{"line":62,"column":null}},"23":{"start":{"line":63,"column":12},"end":{"line":69,"column":null}},"24":{"start":{"line":66,"column":40},"end":{"line":66,"column":null}},"25":{"start":{"line":67,"column":16},"end":{"line":67,"column":null}},"26":{"start":{"line":71,"column":12},"end":{"line":71,"column":null}},"27":{"start":{"line":75,"column":8},"end":{"line":75,"column":null}},"28":{"start":{"line":76,"column":8},"end":{"line":76,"column":null}},"29":{"start":{"line":77,"column":8},"end":{"line":77,"column":null}},"30":{"start":{"line":78,"column":8},"end":{"line":78,"column":null}},"31":{"start":{"line":81,"column":8},"end":{"line":81,"column":null}},"32":{"start":{"line":86,"column":4},"end":{"line":86,"column":null}},"33":{"start":{"line":89,"column":17},"end":{"line":111,"column":null}},"34":{"start":{"line":90,"column":4},"end":{"line":90,"column":null}},"35":{"start":{"line":91,"column":4},"end":{"line":110,"column":null}},"36":{"start":{"line":92,"column":19},"end":{"line":92,"column":null}},"37":{"start":{"line":93,"column":6},"end":{"line":93,"column":null}},"38":{"start":{"line":94,"column":6},"end":{"line":94,"column":null}},"39":{"start":{"line":96,"column":6},"end":{"line":96,"column":null}},"40":{"start":{"line":97,"column":6},"end":{"line":106,"column":null}},"41":{"start":{"line":99,"column":28},"end":{"line":99,"column":null}},"42":{"start":{"line":100,"column":8},"end":{"line":103,"column":null}},"43":{"start":{"line":102,"column":47},"end":{"line":102,"column":77}},"44":{"start":{"line":105,"column":8},"end":{"line":105,"column":null}},"45":{"start":{"line":107,"column":6},"end":{"line":107,"column":null}},"46":{"start":{"line":109,"column":6},"end":{"line":109,"column":null}},"47":{"start":{"line":113,"column":17},"end":{"line":135,"column":null}},"48":{"start":{"line":114,"column":4},"end":{"line":114,"column":null}},"49":{"start":{"line":115,"column":4},"end":{"line":134,"column":null}},"50":{"start":{"line":116,"column":19},"end":{"line":116,"column":null}},"51":{"start":{"line":117,"column":6},"end":{"line":117,"column":null}},"52":{"start":{"line":118,"column":6},"end":{"line":118,"column":null}},"53":{"start":{"line":120,"column":6},"end":{"line":120,"column":null}},"54":{"start":{"line":121,"column":6},"end":{"line":130,"column":null}},"55":{"start":{"line":123,"column":28},"end":{"line":123,"column":null}},"56":{"start":{"line":124,"column":8},"end":{"line":127,"column":null}},"57":{"start":{"line":126,"column":47},"end":{"line":126,"column":83}},"58":{"start":{"line":129,"column":8},"end":{"line":129,"column":null}},"59":{"start":{"line":131,"column":6},"end":{"line":131,"column":null}},"60":{"start":{"line":133,"column":6},"end":{"line":133,"column":null}},"61":{"start":{"line":137,"column":18},"end":{"line":155,"column":null}},"62":{"start":{"line":138,"column":4},"end":{"line":154,"column":null}},"63":{"start":{"line":139,"column":6},"end":{"line":139,"column":null}},"64":{"start":{"line":140,"column":6},"end":{"line":140,"column":null}},"65":{"start":{"line":141,"column":6},"end":{"line":141,"column":null}},"66":{"start":{"line":143,"column":6},"end":{"line":143,"column":null}},"67":{"start":{"line":144,"column":6},"end":{"line":152,"column":null}},"68":{"start":{"line":145,"column":28},"end":{"line":145,"column":null}},"69":{"start":{"line":146,"column":8},"end":{"line":149,"column":null}},"70":{"start":{"line":148,"column":39},"end":{"line":148,"column":51}},"71":{"start":{"line":151,"column":8},"end":{"line":151,"column":null}},"72":{"start":{"line":153,"column":6},"end":{"line":153,"column":null}},"73":{"start":{"line":157,"column":29},"end":{"line":173,"column":null}},"74":{"start":{"line":158,"column":4},"end":{"line":172,"column":null}},"75":{"start":{"line":159,"column":19},"end":{"line":159,"column":null}},"76":{"start":{"line":160,"column":6},"end":{"line":160,"column":null}},"77":{"start":{"line":162,"column":6},"end":{"line":170,"column":null}},"78":{"start":{"line":163,"column":28},"end":{"line":163,"column":null}},"79":{"start":{"line":164,"column":8},"end":{"line":167,"column":null}},"80":{"start":{"line":166,"column":39},"end":{"line":166,"column":62}},"81":{"start":{"line":169,"column":8},"end":{"line":169,"column":null}},"82":{"start":{"line":171,"column":6},"end":{"line":171,"column":null}},"83":{"start":{"line":175,"column":29},"end":{"line":177,"column":null}},"84":{"start":{"line":176,"column":4},"end":{"line":176,"column":null}},"85":{"start":{"line":179,"column":18},"end":{"line":181,"column":null}},"86":{"start":{"line":180,"column":4},"end":{"line":180,"column":null}},"87":{"start":{"line":183,"column":2},"end":{"line":191,"column":null}}},"fnMap":{"0":{"name":"useAuthUseCases","decl":{"start":{"line":13,"column":16},"end":{"line":13,"column":34}},"loc":{"start":{"line":13,"column":34},"end":{"line":192,"column":null}},"line":13},"1":{"name":"(anonymous_1)","decl":{"start":{"line":29,"column":25},"end":{"line":29,"column":37}},"loc":{"start":{"line":29,"column":37},"end":{"line":87,"column":null}},"line":29},"2":{"name":"(anonymous_2)","decl":{"start":{"line":45,"column":42},"end":{"line":45,"column":49}},"loc":{"start":{"line":45,"column":71},"end":{"line":83,"column":5}},"line":45},"3":{"name":"(anonymous_3)","decl":{"start":{"line":65,"column":37},"end":{"line":65,"column":49}},"loc":{"start":{"line":65,"column":49},"end":{"line":68,"column":18}},"line":65},"4":{"name":"(anonymous_4)","decl":{"start":{"line":89,"column":17},"end":{"line":89,"column":24}},"loc":{"start":{"line":89,"column":75},"end":{"line":111,"column":null}},"line":89},"5":{"name":"(anonymous_5)","decl":{"start":{"line":102,"column":33},"end":{"line":102,"column":45}},"loc":{"start":{"line":102,"column":45},"end":{"line":102,"column":81}},"line":102},"6":{"name":"(anonymous_6)","decl":{"start":{"line":113,"column":17},"end":{"line":113,"column":24}},"loc":{"start":{"line":113,"column":90},"end":{"line":135,"column":null}},"line":113},"7":{"name":"(anonymous_7)","decl":{"start":{"line":126,"column":33},"end":{"line":126,"column":45}},"loc":{"start":{"line":126,"column":45},"end":{"line":126,"column":87}},"line":126},"8":{"name":"(anonymous_8)","decl":{"start":{"line":137,"column":18},"end":{"line":137,"column":45}},"loc":{"start":{"line":137,"column":45},"end":{"line":155,"column":null}},"line":137},"9":{"name":"(anonymous_9)","decl":{"start":{"line":148,"column":33},"end":{"line":148,"column":39}},"loc":{"start":{"line":148,"column":39},"end":{"line":148,"column":51}},"line":148},"10":{"name":"(anonymous_10)","decl":{"start":{"line":157,"column":29},"end":{"line":157,"column":56}},"loc":{"start":{"line":157,"column":56},"end":{"line":173,"column":null}},"line":157},"11":{"name":"(anonymous_11)","decl":{"start":{"line":166,"column":33},"end":{"line":166,"column":39}},"loc":{"start":{"line":166,"column":39},"end":{"line":166,"column":62}},"line":166},"12":{"name":"(anonymous_12)","decl":{"start":{"line":175,"column":29},"end":{"line":175,"column":48}},"loc":{"start":{"line":175,"column":48},"end":{"line":177,"column":null}},"line":175},"13":{"name":"(anonymous_13)","decl":{"start":{"line":179,"column":18},"end":{"line":179,"column":30}},"loc":{"start":{"line":179,"column":30},"end":{"line":181,"column":null}},"line":179}},"branchMap":{"0":{"loc":{"start":{"line":33,"column":4},"end":{"line":39,"column":null}},"type":"if","locations":[{"start":{"line":33,"column":4},"end":{"line":39,"column":null}},{"start":{},"end":{}}],"line":33},"1":{"loc":{"start":{"line":46,"column":6},"end":{"line":82,"column":null}},"type":"if","locations":[{"start":{"line":46,"column":6},"end":{"line":82,"column":null}},{"start":{"line":74,"column":13},"end":{"line":82,"column":null}}],"line":46},"2":{"loc":{"start":{"line":58,"column":19},"end":{"line":58,"column":null}},"type":"cond-expr","locations":[{"start":{"line":58,"column":44},"end":{"line":58,"column":60}},{"start":{"line":58,"column":60},"end":{"line":58,"column":null}}],"line":58},"3":{"loc":{"start":{"line":61,"column":10},"end":{"line":72,"column":null}},"type":"if","locations":[{"start":{"line":61,"column":10},"end":{"line":72,"column":null}},{"start":{"line":70,"column":17},"end":{"line":72,"column":null}}],"line":61},"4":{"loc":{"start":{"line":62,"column":32},"end":{"line":62,"column":null}},"type":"binary-expr","locations":[{"start":{"line":62,"column":32},"end":{"line":62,"column":64}},{"start":{"line":62,"column":64},"end":{"line":62,"column":null}}],"line":62},"5":{"loc":{"start":{"line":65,"column":23},"end":{"line":68,"column":null}},"type":"cond-expr","locations":[{"start":{"line":65,"column":37},"end":{"line":68,"column":18}},{"start":{"line":68,"column":18},"end":{"line":68,"column":null}}],"line":65},"6":{"loc":{"start":{"line":97,"column":6},"end":{"line":106,"column":null}},"type":"if","locations":[{"start":{"line":97,"column":6},"end":{"line":106,"column":null}},{"start":{"line":104,"column":13},"end":{"line":106,"column":null}}],"line":97},"7":{"loc":{"start":{"line":102,"column":19},"end":{"line":102,"column":null}},"type":"cond-expr","locations":[{"start":{"line":102,"column":33},"end":{"line":102,"column":81}},{"start":{"line":102,"column":81},"end":{"line":102,"column":null}}],"line":102},"8":{"loc":{"start":{"line":121,"column":6},"end":{"line":130,"column":null}},"type":"if","locations":[{"start":{"line":121,"column":6},"end":{"line":130,"column":null}},{"start":{"line":128,"column":13},"end":{"line":130,"column":null}}],"line":121},"9":{"loc":{"start":{"line":126,"column":19},"end":{"line":126,"column":null}},"type":"cond-expr","locations":[{"start":{"line":126,"column":33},"end":{"line":126,"column":87}},{"start":{"line":126,"column":87},"end":{"line":126,"column":null}}],"line":126},"10":{"loc":{"start":{"line":143,"column":47},"end":{"line":143,"column":102}},"type":"cond-expr","locations":[{"start":{"line":143,"column":72},"end":{"line":143,"column":88}},{"start":{"line":143,"column":88},"end":{"line":143,"column":102}}],"line":143},"11":{"loc":{"start":{"line":144,"column":6},"end":{"line":152,"column":null}},"type":"if","locations":[{"start":{"line":144,"column":6},"end":{"line":152,"column":null}},{"start":{"line":150,"column":13},"end":{"line":152,"column":null}}],"line":144},"12":{"loc":{"start":{"line":148,"column":19},"end":{"line":148,"column":null}},"type":"cond-expr","locations":[{"start":{"line":148,"column":33},"end":{"line":148,"column":51}},{"start":{"line":148,"column":51},"end":{"line":148,"column":null}}],"line":148},"13":{"loc":{"start":{"line":162,"column":6},"end":{"line":170,"column":null}},"type":"if","locations":[{"start":{"line":162,"column":6},"end":{"line":170,"column":null}},{"start":{"line":168,"column":13},"end":{"line":170,"column":null}}],"line":162},"14":{"loc":{"start":{"line":166,"column":19},"end":{"line":166,"column":null}},"type":"cond-expr","locations":[{"start":{"line":166,"column":33},"end":{"line":166,"column":62}},{"start":{"line":166,"column":62},"end":{"line":166,"column":null}}],"line":166}},"s":{"0":31,"1":31,"2":31,"3":31,"4":31,"5":31,"6":9,"7":9,"8":3,"9":3,"10":3,"11":9,"12":9,"13":3,"14":1,"15":1,"16":1,"17":1,"18":1,"19":1,"20":0,"21":0,"22":0,"23":0,"24":0,"25":0,"26":0,"27":2,"28":2,"29":2,"30":2,"31":2,"32":9,"33":31,"34":7,"35":7,"36":7,"37":3,"38":3,"39":4,"40":4,"41":3,"42":3,"43":1,"44":1,"45":4,"46":7,"47":31,"48":5,"49":5,"50":5,"51":2,"52":2,"53":3,"54":3,"55":2,"56":2,"57":1,"58":1,"59":3,"60":5,"61":31,"62":5,"63":5,"64":2,"65":2,"66":3,"67":3,"68":2,"69":2,"70":1,"71":1,"72":3,"73":31,"74":6,"75":6,"76":2,"77":4,"78":3,"79":3,"80":1,"81":1,"82":4,"83":31,"84":2,"85":31,"86":1,"87":31},"f":{"0":31,"1":9,"2":3,"3":0,"4":7,"5":1,"6":5,"7":1,"8":5,"9":1,"10":6,"11":1,"12":2,"13":1},"b":{"0":[3,6],"1":[1,2],"2":[0,0],"3":[0,0],"4":[0,0],"5":[0,0],"6":[3,1],"7":[1,1],"8":[2,1],"9":[1,1],"10":[3,0],"11":[2,1],"12":[1,0],"13":[3,1],"14":[1,1]},"meta":{"lastBranch":15,"lastFunction":14,"lastStatement":88,"seen":{"f:13:16:13:34":0,"s:14:8:14:Infinity":0,"s:15:8:15:Infinity":1,"s:16:8:16:Infinity":2,"s:17:8:17:Infinity":3,"s:18:110:18:Infinity":4,"s:29:25:87:Infinity":5,"f:29:25:29:37":1,"s:31:24:31:Infinity":6,"b:33:4:39:Infinity:undefined:undefined:undefined:undefined":0,"s:33:4:39:Infinity":7,"s:34:6:34:Infinity":8,"s:37:26:37:Infinity":9,"s:38:6:38:Infinity":10,"s:42:4:42:Infinity":11,"s:45:24:83:Infinity":12,"f:45:42:45:49":2,"b:46:6:82:Infinity:74:13:82:Infinity":1,"s:46:6:82:Infinity":13,"s:47:8:47:Infinity":14,"s:50:28:50:Infinity":15,"s:51:8:51:Infinity":16,"s:53:8:73:Infinity":17,"s:54:34:54:Infinity":18,"s:55:10:55:Infinity":19,"s:57:10:60:Infinity":20,"b:58:44:58:60:58:60:58:Infinity":2,"b:61:10:72:Infinity:70:17:72:Infinity":3,"s:61:10:72:Infinity":21,"s:62:32:62:Infinity":22,"b:62:32:62:64:62:64:62:Infinity":4,"s:63:12:69:Infinity":23,"b:65:37:68:18:68:18:68:Infinity":5,"f:65:37:65:49":3,"s:66:40:66:Infinity":24,"s:67:16:67:Infinity":25,"s:71:12:71:Infinity":26,"s:75:8:75:Infinity":27,"s:76:8:76:Infinity":28,"s:77:8:77:Infinity":29,"s:78:8:78:Infinity":30,"s:81:8:81:Infinity":31,"s:86:4:86:Infinity":32,"s:89:17:111:Infinity":33,"f:89:17:89:24":4,"s:90:4:90:Infinity":34,"s:91:4:110:Infinity":35,"s:92:19:92:Infinity":36,"s:93:6:93:Infinity":37,"s:94:6:94:Infinity":38,"s:96:6:96:Infinity":39,"b:97:6:106:Infinity:104:13:106:Infinity":6,"s:97:6:106:Infinity":40,"s:99:28:99:Infinity":41,"s:100:8:103:Infinity":42,"b:102:33:102:81:102:81:102:Infinity":7,"f:102:33:102:45":5,"s:102:47:102:77":43,"s:105:8:105:Infinity":44,"s:107:6:107:Infinity":45,"s:109:6:109:Infinity":46,"s:113:17:135:Infinity":47,"f:113:17:113:24":6,"s:114:4:114:Infinity":48,"s:115:4:134:Infinity":49,"s:116:19:116:Infinity":50,"s:117:6:117:Infinity":51,"s:118:6:118:Infinity":52,"s:120:6:120:Infinity":53,"b:121:6:130:Infinity:128:13:130:Infinity":8,"s:121:6:130:Infinity":54,"s:123:28:123:Infinity":55,"s:124:8:127:Infinity":56,"b:126:33:126:87:126:87:126:Infinity":9,"f:126:33:126:45":7,"s:126:47:126:83":57,"s:129:8:129:Infinity":58,"s:131:6:131:Infinity":59,"s:133:6:133:Infinity":60,"s:137:18:155:Infinity":61,"f:137:18:137:45":8,"s:138:4:154:Infinity":62,"s:139:6:139:Infinity":63,"s:140:6:140:Infinity":64,"s:141:6:141:Infinity":65,"s:143:6:143:Infinity":66,"b:143:72:143:88:143:88:143:102":10,"b:144:6:152:Infinity:150:13:152:Infinity":11,"s:144:6:152:Infinity":67,"s:145:28:145:Infinity":68,"s:146:8:149:Infinity":69,"b:148:33:148:51:148:51:148:Infinity":12,"f:148:33:148:39":9,"s:148:39:148:51":70,"s:151:8:151:Infinity":71,"s:153:6:153:Infinity":72,"s:157:29:173:Infinity":73,"f:157:29:157:56":10,"s:158:4:172:Infinity":74,"s:159:19:159:Infinity":75,"s:160:6:160:Infinity":76,"b:162:6:170:Infinity:168:13:170:Infinity":13,"s:162:6:170:Infinity":77,"s:163:28:163:Infinity":78,"s:164:8:167:Infinity":79,"b:166:33:166:62:166:62:166:Infinity":14,"f:166:33:166:39":11,"s:166:39:166:62":80,"s:169:8:169:Infinity":81,"s:171:6:171:Infinity":82,"s:175:29:177:Infinity":83,"f:175:29:175:48":12,"s:176:4:176:Infinity":84,"s:179:18:181:Infinity":85,"f:179:18:179:30":13,"s:180:4:180:Infinity":86,"s:183:2:191:Infinity":87}}}
,"C:\\Users\\Developer\\Documents\\projekty\\diplomova-prace\\quasar-club-system\\src\\composable\\useCashboxUseCases.ts": {"path":"C:\\Users\\Developer\\Documents\\projekty\\diplomova-prace\\quasar-club-system\\src\\composable\\useCashboxUseCases.ts","statementMap":{"0":{"start":{"line":10,"column":8},"end":{"line":10,"column":null}},"1":{"start":{"line":11,"column":8},"end":{"line":11,"column":null}},"2":{"start":{"line":17,"column":28},"end":{"line":19,"column":null}},"3":{"start":{"line":18,"column":4},"end":{"line":18,"column":null}},"4":{"start":{"line":21,"column":24},"end":{"line":23,"column":null}},"5":{"start":{"line":22,"column":4},"end":{"line":22,"column":null}},"6":{"start":{"line":25,"column":27},"end":{"line":27,"column":null}},"7":{"start":{"line":26,"column":4},"end":{"line":26,"column":null}},"8":{"start":{"line":33,"column":22},"end":{"line":48,"column":null}},"9":{"start":{"line":34,"column":4},"end":{"line":47,"column":null}},"10":{"start":{"line":35,"column":6},"end":{"line":35,"column":null}},"11":{"start":{"line":37,"column":6},"end":{"line":45,"column":null}},"12":{"start":{"line":38,"column":28},"end":{"line":38,"column":null}},"13":{"start":{"line":39,"column":8},"end":{"line":42,"column":null}},"14":{"start":{"line":41,"column":39},"end":{"line":41,"column":67}},"15":{"start":{"line":44,"column":8},"end":{"line":44,"column":null}},"16":{"start":{"line":46,"column":6},"end":{"line":46,"column":null}},"17":{"start":{"line":50,"column":25},"end":{"line":65,"column":null}},"18":{"start":{"line":51,"column":4},"end":{"line":64,"column":null}},"19":{"start":{"line":52,"column":6},"end":{"line":52,"column":null}},"20":{"start":{"line":54,"column":6},"end":{"line":62,"column":null}},"21":{"start":{"line":55,"column":28},"end":{"line":55,"column":null}},"22":{"start":{"line":56,"column":8},"end":{"line":59,"column":null}},"23":{"start":{"line":58,"column":39},"end":{"line":58,"column":78}},"24":{"start":{"line":61,"column":8},"end":{"line":61,"column":null}},"25":{"start":{"line":63,"column":6},"end":{"line":63,"column":null}},"26":{"start":{"line":67,"column":25},"end":{"line":79,"column":null}},"27":{"start":{"line":68,"column":4},"end":{"line":78,"column":null}},"28":{"start":{"line":69,"column":6},"end":{"line":69,"column":null}},"29":{"start":{"line":71,"column":6},"end":{"line":76,"column":null}},"30":{"start":{"line":73,"column":8},"end":{"line":73,"column":null}},"31":{"start":{"line":75,"column":8},"end":{"line":75,"column":null}},"32":{"start":{"line":77,"column":6},"end":{"line":77,"column":null}},"33":{"start":{"line":85,"column":24},"end":{"line":119,"column":null}},"34":{"start":{"line":92,"column":36},"end":{"line":99,"column":null}},"35":{"start":{"line":100,"column":4},"end":{"line":118,"column":null}},"36":{"start":{"line":101,"column":27},"end":{"line":104,"column":null}},"37":{"start":{"line":106,"column":6},"end":{"line":106,"column":null}},"38":{"start":{"line":108,"column":6},"end":{"line":116,"column":null}},"39":{"start":{"line":109,"column":28},"end":{"line":109,"column":null}},"40":{"start":{"line":110,"column":8},"end":{"line":113,"column":null}},"41":{"start":{"line":112,"column":39},"end":{"line":112,"column":100}},"42":{"start":{"line":115,"column":8},"end":{"line":115,"column":null}},"43":{"start":{"line":117,"column":6},"end":{"line":117,"column":null}},"44":{"start":{"line":121,"column":21},"end":{"line":140,"column":null}},"45":{"start":{"line":122,"column":4},"end":{"line":139,"column":null}},"46":{"start":{"line":123,"column":27},"end":{"line":128,"column":null}},"47":{"start":{"line":130,"column":6},"end":{"line":130,"column":null}},"48":{"start":{"line":132,"column":6},"end":{"line":137,"column":null}},"49":{"start":{"line":134,"column":8},"end":{"line":134,"column":null}},"50":{"start":{"line":136,"column":8},"end":{"line":136,"column":null}},"51":{"start":{"line":138,"column":6},"end":{"line":138,"column":null}},"52":{"start":{"line":146,"column":24},"end":{"line":174,"column":null}},"53":{"start":{"line":153,"column":42},"end":{"line":159,"column":null}},"54":{"start":{"line":160,"column":4},"end":{"line":173,"column":null}},"55":{"start":{"line":161,"column":6},"end":{"line":161,"column":null}},"56":{"start":{"line":163,"column":6},"end":{"line":171,"column":null}},"57":{"start":{"line":164,"column":28},"end":{"line":164,"column":null}},"58":{"start":{"line":165,"column":8},"end":{"line":168,"column":null}},"59":{"start":{"line":167,"column":39},"end":{"line":167,"column":98}},"60":{"start":{"line":170,"column":8},"end":{"line":170,"column":null}},"61":{"start":{"line":172,"column":6},"end":{"line":172,"column":null}},"62":{"start":{"line":192,"column":28},"end":{"line":258,"column":null}},"63":{"start":{"line":203,"column":21},"end":{"line":203,"column":null}},"64":{"start":{"line":204,"column":24},"end":{"line":204,"column":null}},"65":{"start":{"line":204,"column":47},"end":{"line":204,"column":55}},"66":{"start":{"line":206,"column":4},"end":{"line":206,"column":null}},"67":{"start":{"line":206,"column":34},"end":{"line":206,"column":null}},"68":{"start":{"line":208,"column":47},"end":{"line":208,"column":null}},"69":{"start":{"line":210,"column":4},"end":{"line":251,"column":null}},"70":{"start":{"line":211,"column":27},"end":{"line":211,"column":null}},"71":{"start":{"line":211,"column":53},"end":{"line":211,"column":75}},"72":{"start":{"line":212,"column":27},"end":{"line":212,"column":null}},"73":{"start":{"line":212,"column":53},"end":{"line":212,"column":75}},"74":{"start":{"line":214,"column":6},"end":{"line":250,"column":null}},"75":{"start":{"line":216,"column":8},"end":{"line":216,"column":null}},"76":{"start":{"line":216,"column":63},"end":{"line":216,"column":null}},"77":{"start":{"line":218,"column":25},"end":{"line":218,"column":null}},"78":{"start":{"line":220,"column":8},"end":{"line":235,"column":null}},"79":{"start":{"line":223,"column":12},"end":{"line":223,"column":null}},"80":{"start":{"line":224,"column":12},"end":{"line":224,"column":null}},"81":{"start":{"line":228,"column":12},"end":{"line":228,"column":null}},"82":{"start":{"line":229,"column":12},"end":{"line":229,"column":null}},"83":{"start":{"line":233,"column":12},"end":{"line":233,"column":null}},"84":{"start":{"line":234,"column":12},"end":{"line":234,"column":null}},"85":{"start":{"line":237,"column":8},"end":{"line":249,"column":null}},"86":{"start":{"line":238,"column":10},"end":{"line":248,"column":null}},"87":{"start":{"line":253,"column":4},"end":{"line":255,"column":null}},"88":{"start":{"line":254,"column":6},"end":{"line":254,"column":null}},"89":{"start":{"line":257,"column":4},"end":{"line":257,"column":null}},"90":{"start":{"line":260,"column":24},"end":{"line":272,"column":null}},"91":{"start":{"line":261,"column":4},"end":{"line":271,"column":null}},"92":{"start":{"line":262,"column":6},"end":{"line":262,"column":null}},"93":{"start":{"line":264,"column":6},"end":{"line":269,"column":null}},"94":{"start":{"line":266,"column":8},"end":{"line":266,"column":null}},"95":{"start":{"line":268,"column":8},"end":{"line":268,"column":null}},"96":{"start":{"line":270,"column":6},"end":{"line":270,"column":null}},"97":{"start":{"line":278,"column":33},"end":{"line":297,"column":null}},"98":{"start":{"line":284,"column":24},"end":{"line":284,"column":null}},"99":{"start":{"line":284,"column":44},"end":{"line":284,"column":67}},"100":{"start":{"line":285,"column":27},"end":{"line":285,"column":null}},"101":{"start":{"line":285,"column":50},"end":{"line":285,"column":73}},"102":{"start":{"line":287,"column":23},"end":{"line":287,"column":null}},"103":{"start":{"line":287,"column":54},"end":{"line":287,"column":70}},"104":{"start":{"line":288,"column":22},"end":{"line":288,"column":null}},"105":{"start":{"line":288,"column":56},"end":{"line":288,"column":72}},"106":{"start":{"line":290,"column":4},"end":{"line":296,"column":null}},"107":{"start":{"line":299,"column":37},"end":{"line":308,"column":null}},"108":{"start":{"line":305,"column":4},"end":{"line":307,"column":null}},"109":{"start":{"line":306,"column":19},"end":{"line":306,"column":82}},"110":{"start":{"line":307,"column":22},"end":{"line":307,"column":43}},"111":{"start":{"line":310,"column":31},"end":{"line":346,"column":null}},"112":{"start":{"line":311,"column":23},"end":{"line":311,"column":null}},"113":{"start":{"line":311,"column":48},"end":{"line":311,"column":64}},"114":{"start":{"line":312,"column":22},"end":{"line":312,"column":null}},"115":{"start":{"line":312,"column":50},"end":{"line":312,"column":66}},"116":{"start":{"line":315,"column":22},"end":{"line":318,"column":null}},"117":{"start":{"line":316,"column":26},"end":{"line":316,"column":36}},"118":{"start":{"line":317,"column":29},"end":{"line":317,"column":39}},"119":{"start":{"line":320,"column":27},"end":{"line":320,"column":null}},"120":{"start":{"line":321,"column":23},"end":{"line":321,"column":null}},"121":{"start":{"line":323,"column":4},"end":{"line":337,"column":null}},"122":{"start":{"line":324,"column":26},"end":{"line":326,"column":null}},"123":{"start":{"line":325,"column":23},"end":{"line":325,"column":46}},"124":{"start":{"line":326,"column":28},"end":{"line":326,"column":44}},"125":{"start":{"line":327,"column":25},"end":{"line":329,"column":null}},"126":{"start":{"line":328,"column":23},"end":{"line":328,"column":46}},"127":{"start":{"line":329,"column":28},"end":{"line":329,"column":44}},"128":{"start":{"line":330,"column":28},"end":{"line":330,"column":null}},"129":{"start":{"line":332,"column":6},"end":{"line":336,"column":null}},"130":{"start":{"line":333,"column":8},"end":{"line":333,"column":null}},"131":{"start":{"line":334,"column":6},"end":{"line":336,"column":null}},"132":{"start":{"line":335,"column":8},"end":{"line":335,"column":null}},"133":{"start":{"line":339,"column":4},"end":{"line":345,"column":null}},"134":{"start":{"line":352,"column":23},"end":{"line":425,"column":null}},"135":{"start":{"line":363,"column":21},"end":{"line":363,"column":null}},"136":{"start":{"line":364,"column":20},"end":{"line":364,"column":null}},"137":{"start":{"line":367,"column":59},"end":{"line":385,"column":null}},"138":{"start":{"line":372,"column":31},"end":{"line":378,"column":8}},"139":{"start":{"line":379,"column":37},"end":{"line":384,"column":8}},"140":{"start":{"line":388,"column":4},"end":{"line":388,"column":null}},"141":{"start":{"line":391,"column":4},"end":{"line":391,"column":null}},"142":{"start":{"line":392,"column":4},"end":{"line":392,"column":null}},"143":{"start":{"line":395,"column":48},"end":{"line":395,"column":null}},"144":{"start":{"line":396,"column":54},"end":{"line":396,"column":null}},"145":{"start":{"line":398,"column":4},"end":{"line":417,"column":null}},"146":{"start":{"line":399,"column":6},"end":{"line":416,"column":null}},"147":{"start":{"line":400,"column":8},"end":{"line":407,"column":null}},"148":{"start":{"line":408,"column":6},"end":{"line":416,"column":null}},"149":{"start":{"line":409,"column":8},"end":{"line":415,"column":null}},"150":{"start":{"line":419,"column":4},"end":{"line":421,"column":null}},"151":{"start":{"line":420,"column":6},"end":{"line":420,"column":null}},"152":{"start":{"line":422,"column":4},"end":{"line":424,"column":null}},"153":{"start":{"line":423,"column":6},"end":{"line":423,"column":null}},"154":{"start":{"line":427,"column":33},"end":{"line":429,"column":null}},"155":{"start":{"line":428,"column":4},"end":{"line":428,"column":null}},"156":{"start":{"line":431,"column":2},"end":{"line":455,"column":null}}},"fnMap":{"0":{"name":"useCashboxUseCases","decl":{"start":{"line":9,"column":16},"end":{"line":9,"column":37}},"loc":{"start":{"line":9,"column":37},"end":{"line":456,"column":null}},"line":9},"1":{"name":"(anonymous_1)","decl":{"start":{"line":17,"column":28},"end":{"line":17,"column":29}},"loc":{"start":{"line":17,"column":101},"end":{"line":19,"column":null}},"line":17},"2":{"name":"(anonymous_2)","decl":{"start":{"line":21,"column":24},"end":{"line":21,"column":25}},"loc":{"start":{"line":21,"column":93},"end":{"line":23,"column":null}},"line":21},"3":{"name":"(anonymous_3)","decl":{"start":{"line":25,"column":27},"end":{"line":25,"column":28}},"loc":{"start":{"line":25,"column":102},"end":{"line":27,"column":null}},"line":25},"4":{"name":"(anonymous_4)","decl":{"start":{"line":33,"column":22},"end":{"line":33,"column":29}},"loc":{"start":{"line":33,"column":92},"end":{"line":48,"column":null}},"line":33},"5":{"name":"(anonymous_5)","decl":{"start":{"line":41,"column":33},"end":{"line":41,"column":39}},"loc":{"start":{"line":41,"column":39},"end":{"line":41,"column":67}},"line":41},"6":{"name":"(anonymous_6)","decl":{"start":{"line":50,"column":25},"end":{"line":50,"column":32}},"loc":{"start":{"line":50,"column":108},"end":{"line":65,"column":null}},"line":50},"7":{"name":"(anonymous_7)","decl":{"start":{"line":58,"column":33},"end":{"line":58,"column":39}},"loc":{"start":{"line":58,"column":39},"end":{"line":58,"column":78}},"line":58},"8":{"name":"(anonymous_8)","decl":{"start":{"line":67,"column":25},"end":{"line":67,"column":32}},"loc":{"start":{"line":67,"column":82},"end":{"line":79,"column":null}},"line":67},"9":{"name":"(anonymous_9)","decl":{"start":{"line":85,"column":24},"end":{"line":85,"column":null}},"loc":{"start":{"line":91,"column":22},"end":{"line":119,"column":null}},"line":91},"10":{"name":"(anonymous_10)","decl":{"start":{"line":112,"column":33},"end":{"line":112,"column":39}},"loc":{"start":{"line":112,"column":39},"end":{"line":112,"column":100}},"line":112},"11":{"name":"(anonymous_11)","decl":{"start":{"line":121,"column":21},"end":{"line":121,"column":28}},"loc":{"start":{"line":121,"column":92},"end":{"line":140,"column":null}},"line":121},"12":{"name":"(anonymous_12)","decl":{"start":{"line":146,"column":24},"end":{"line":146,"column":null}},"loc":{"start":{"line":152,"column":22},"end":{"line":174,"column":null}},"line":152},"13":{"name":"(anonymous_13)","decl":{"start":{"line":167,"column":33},"end":{"line":167,"column":39}},"loc":{"start":{"line":167,"column":39},"end":{"line":167,"column":98}},"line":167},"14":{"name":"(anonymous_14)","decl":{"start":{"line":192,"column":28},"end":{"line":192,"column":null}},"loc":{"start":{"line":201,"column":24},"end":{"line":258,"column":null}},"line":201},"15":{"name":"(anonymous_15)","decl":{"start":{"line":204,"column":40},"end":{"line":204,"column":41}},"loc":{"start":{"line":204,"column":47},"end":{"line":204,"column":55}},"line":204},"16":{"name":"(anonymous_16)","decl":{"start":{"line":211,"column":46},"end":{"line":211,"column":47}},"loc":{"start":{"line":211,"column":53},"end":{"line":211,"column":75}},"line":211},"17":{"name":"(anonymous_17)","decl":{"start":{"line":212,"column":46},"end":{"line":212,"column":47}},"loc":{"start":{"line":212,"column":53},"end":{"line":212,"column":75}},"line":212},"18":{"name":"(anonymous_18)","decl":{"start":{"line":260,"column":24},"end":{"line":260,"column":31}},"loc":{"start":{"line":260,"column":84},"end":{"line":272,"column":null}},"line":260},"19":{"name":"(anonymous_19)","decl":{"start":{"line":278,"column":33},"end":{"line":278,"column":null}},"loc":{"start":{"line":283,"column":23},"end":{"line":297,"column":null}},"line":283},"20":{"name":"(anonymous_20)","decl":{"start":{"line":284,"column":37},"end":{"line":284,"column":38}},"loc":{"start":{"line":284,"column":44},"end":{"line":284,"column":67}},"line":284},"21":{"name":"(anonymous_21)","decl":{"start":{"line":285,"column":43},"end":{"line":285,"column":44}},"loc":{"start":{"line":285,"column":50},"end":{"line":285,"column":73}},"line":285},"22":{"name":"(anonymous_22)","decl":{"start":{"line":287,"column":42},"end":{"line":287,"column":43}},"loc":{"start":{"line":287,"column":54},"end":{"line":287,"column":70}},"line":287},"23":{"name":"(anonymous_23)","decl":{"start":{"line":288,"column":44},"end":{"line":288,"column":45}},"loc":{"start":{"line":288,"column":56},"end":{"line":288,"column":72}},"line":288},"24":{"name":"(anonymous_24)","decl":{"start":{"line":299,"column":37},"end":{"line":299,"column":null}},"loc":{"start":{"line":304,"column":25},"end":{"line":308,"column":null}},"line":304},"25":{"name":"(anonymous_25)","decl":{"start":{"line":306,"column":11},"end":{"line":306,"column":12}},"loc":{"start":{"line":306,"column":19},"end":{"line":306,"column":82}},"line":306},"26":{"name":"(anonymous_26)","decl":{"start":{"line":307,"column":12},"end":{"line":307,"column":13}},"loc":{"start":{"line":307,"column":22},"end":{"line":307,"column":43}},"line":307},"27":{"name":"(anonymous_27)","decl":{"start":{"line":310,"column":31},"end":{"line":310,"column":32}},"loc":{"start":{"line":310,"column":73},"end":{"line":346,"column":null}},"line":310},"28":{"name":"(anonymous_28)","decl":{"start":{"line":311,"column":36},"end":{"line":311,"column":37}},"loc":{"start":{"line":311,"column":48},"end":{"line":311,"column":64}},"line":311},"29":{"name":"(anonymous_29)","decl":{"start":{"line":312,"column":38},"end":{"line":312,"column":39}},"loc":{"start":{"line":312,"column":50},"end":{"line":312,"column":66}},"line":312},"30":{"name":"(anonymous_30)","decl":{"start":{"line":316,"column":19},"end":{"line":316,"column":20}},"loc":{"start":{"line":316,"column":26},"end":{"line":316,"column":36}},"line":316},"31":{"name":"(anonymous_31)","decl":{"start":{"line":317,"column":22},"end":{"line":317,"column":23}},"loc":{"start":{"line":317,"column":29},"end":{"line":317,"column":39}},"line":317},"32":{"name":"(anonymous_32)","decl":{"start":{"line":325,"column":16},"end":{"line":325,"column":17}},"loc":{"start":{"line":325,"column":23},"end":{"line":325,"column":46}},"line":325},"33":{"name":"(anonymous_33)","decl":{"start":{"line":326,"column":16},"end":{"line":326,"column":17}},"loc":{"start":{"line":326,"column":28},"end":{"line":326,"column":44}},"line":326},"34":{"name":"(anonymous_34)","decl":{"start":{"line":328,"column":16},"end":{"line":328,"column":17}},"loc":{"start":{"line":328,"column":23},"end":{"line":328,"column":46}},"line":328},"35":{"name":"(anonymous_35)","decl":{"start":{"line":329,"column":16},"end":{"line":329,"column":17}},"loc":{"start":{"line":329,"column":28},"end":{"line":329,"column":44}},"line":329},"36":{"name":"(anonymous_36)","decl":{"start":{"line":352,"column":23},"end":{"line":352,"column":null}},"loc":{"start":{"line":361,"column":22},"end":{"line":425,"column":null}},"line":361},"37":{"name":"(anonymous_37)","decl":{"start":{"line":372,"column":23},"end":{"line":372,"column":24}},"loc":{"start":{"line":372,"column":31},"end":{"line":378,"column":8}},"line":372},"38":{"name":"(anonymous_38)","decl":{"start":{"line":379,"column":29},"end":{"line":379,"column":30}},"loc":{"start":{"line":379,"column":37},"end":{"line":384,"column":8}},"line":379},"39":{"name":"(anonymous_39)","decl":{"start":{"line":427,"column":33},"end":{"line":427,"column":34}},"loc":{"start":{"line":427,"column":119},"end":{"line":429,"column":null}},"line":427}},"branchMap":{"0":{"loc":{"start":{"line":37,"column":6},"end":{"line":45,"column":null}},"type":"if","locations":[{"start":{"line":37,"column":6},"end":{"line":45,"column":null}},{"start":{"line":43,"column":13},"end":{"line":45,"column":null}}],"line":37},"1":{"loc":{"start":{"line":38,"column":28},"end":{"line":38,"column":null}},"type":"binary-expr","locations":[{"start":{"line":38,"column":28},"end":{"line":38,"column":60}},{"start":{"line":38,"column":60},"end":{"line":38,"column":null}}],"line":38},"2":{"loc":{"start":{"line":41,"column":19},"end":{"line":41,"column":null}},"type":"cond-expr","locations":[{"start":{"line":41,"column":33},"end":{"line":41,"column":67}},{"start":{"line":41,"column":67},"end":{"line":41,"column":null}}],"line":41},"3":{"loc":{"start":{"line":54,"column":6},"end":{"line":62,"column":null}},"type":"if","locations":[{"start":{"line":54,"column":6},"end":{"line":62,"column":null}},{"start":{"line":60,"column":13},"end":{"line":62,"column":null}}],"line":54},"4":{"loc":{"start":{"line":55,"column":28},"end":{"line":55,"column":null}},"type":"binary-expr","locations":[{"start":{"line":55,"column":28},"end":{"line":55,"column":60}},{"start":{"line":55,"column":60},"end":{"line":55,"column":null}}],"line":55},"5":{"loc":{"start":{"line":58,"column":19},"end":{"line":58,"column":null}},"type":"cond-expr","locations":[{"start":{"line":58,"column":33},"end":{"line":58,"column":78}},{"start":{"line":58,"column":78},"end":{"line":58,"column":null}}],"line":58},"6":{"loc":{"start":{"line":71,"column":6},"end":{"line":76,"column":null}},"type":"if","locations":[{"start":{"line":71,"column":6},"end":{"line":76,"column":null}},{"start":{"line":74,"column":13},"end":{"line":76,"column":null}}],"line":71},"7":{"loc":{"start":{"line":101,"column":27},"end":{"line":104,"column":null}},"type":"cond-expr","locations":[{"start":{"line":101,"column":44},"end":{"line":104,"column":10}},{"start":{"line":104,"column":10},"end":{"line":104,"column":null}}],"line":101},"8":{"loc":{"start":{"line":103,"column":26},"end":{"line":103,"column":null}},"type":"binary-expr","locations":[{"start":{"line":103,"column":26},"end":{"line":103,"column":56}},{"start":{"line":103,"column":56},"end":{"line":103,"column":80}},{"start":{"line":103,"column":80},"end":{"line":103,"column":null}}],"line":103},"9":{"loc":{"start":{"line":108,"column":6},"end":{"line":116,"column":null}},"type":"if","locations":[{"start":{"line":108,"column":6},"end":{"line":116,"column":null}},{"start":{"line":114,"column":13},"end":{"line":116,"column":null}}],"line":108},"10":{"loc":{"start":{"line":109,"column":28},"end":{"line":109,"column":null}},"type":"binary-expr","locations":[{"start":{"line":109,"column":28},"end":{"line":109,"column":60}},{"start":{"line":109,"column":60},"end":{"line":109,"column":null}}],"line":109},"11":{"loc":{"start":{"line":112,"column":19},"end":{"line":112,"column":null}},"type":"cond-expr","locations":[{"start":{"line":112,"column":33},"end":{"line":112,"column":100}},{"start":{"line":112,"column":100},"end":{"line":112,"column":null}}],"line":112},"12":{"loc":{"start":{"line":123,"column":27},"end":{"line":128,"column":null}},"type":"cond-expr","locations":[{"start":{"line":123,"column":52},"end":{"line":128,"column":10}},{"start":{"line":128,"column":10},"end":{"line":128,"column":null}}],"line":123},"13":{"loc":{"start":{"line":123,"column":27},"end":{"line":123,"column":52}},"type":"binary-expr","locations":[{"start":{"line":123,"column":27},"end":{"line":123,"column":45}},{"start":{"line":123,"column":45},"end":{"line":123,"column":52}}],"line":123},"14":{"loc":{"start":{"line":125,"column":26},"end":{"line":125,"column":null}},"type":"binary-expr","locations":[{"start":{"line":125,"column":26},"end":{"line":125,"column":56}},{"start":{"line":125,"column":56},"end":{"line":125,"column":80}},{"start":{"line":125,"column":80},"end":{"line":125,"column":null}}],"line":125},"15":{"loc":{"start":{"line":132,"column":6},"end":{"line":137,"column":null}},"type":"if","locations":[{"start":{"line":132,"column":6},"end":{"line":137,"column":null}},{"start":{"line":135,"column":13},"end":{"line":137,"column":null}}],"line":132},"16":{"loc":{"start":{"line":158,"column":10},"end":{"line":158,"column":null}},"type":"binary-expr","locations":[{"start":{"line":158,"column":10},"end":{"line":158,"column":18}},{"start":{"line":158,"column":18},"end":{"line":158,"column":null}}],"line":158},"17":{"loc":{"start":{"line":163,"column":6},"end":{"line":171,"column":null}},"type":"if","locations":[{"start":{"line":163,"column":6},"end":{"line":171,"column":null}},{"start":{"line":169,"column":13},"end":{"line":171,"column":null}}],"line":163},"18":{"loc":{"start":{"line":164,"column":28},"end":{"line":164,"column":null}},"type":"binary-expr","locations":[{"start":{"line":164,"column":28},"end":{"line":164,"column":60}},{"start":{"line":164,"column":60},"end":{"line":164,"column":null}}],"line":164},"19":{"loc":{"start":{"line":167,"column":19},"end":{"line":167,"column":null}},"type":"cond-expr","locations":[{"start":{"line":167,"column":33},"end":{"line":167,"column":98}},{"start":{"line":167,"column":98},"end":{"line":167,"column":null}}],"line":167},"20":{"loc":{"start":{"line":206,"column":4},"end":{"line":206,"column":null}},"type":"if","locations":[{"start":{"line":206,"column":4},"end":{"line":206,"column":null}},{"start":{},"end":{}}],"line":206},"21":{"loc":{"start":{"line":216,"column":8},"end":{"line":216,"column":null}},"type":"if","locations":[{"start":{"line":216,"column":8},"end":{"line":216,"column":null}},{"start":{},"end":{}}],"line":216},"22":{"loc":{"start":{"line":216,"column":12},"end":{"line":216,"column":63}},"type":"binary-expr","locations":[{"start":{"line":216,"column":12},"end":{"line":216,"column":31}},{"start":{"line":216,"column":31},"end":{"line":216,"column":63}}],"line":216},"23":{"loc":{"start":{"line":220,"column":8},"end":{"line":235,"column":null}},"type":"switch","locations":[{"start":{"line":221,"column":10},"end":{"line":224,"column":null}},{"start":{"line":226,"column":10},"end":{"line":229,"column":null}},{"start":{"line":231,"column":10},"end":{"line":234,"column":null}}],"line":220},"24":{"loc":{"start":{"line":228,"column":25},"end":{"line":228,"column":null}},"type":"binary-expr","locations":[{"start":{"line":228,"column":25},"end":{"line":228,"column":57}},{"start":{"line":228,"column":57},"end":{"line":228,"column":74}},{"start":{"line":228,"column":74},"end":{"line":228,"column":null}}],"line":228},"25":{"loc":{"start":{"line":237,"column":8},"end":{"line":249,"column":null}},"type":"if","locations":[{"start":{"line":237,"column":8},"end":{"line":249,"column":null}},{"start":{},"end":{}}],"line":237},"26":{"loc":{"start":{"line":253,"column":4},"end":{"line":255,"column":null}},"type":"if","locations":[{"start":{"line":253,"column":4},"end":{"line":255,"column":null}},{"start":{},"end":{}}],"line":253},"27":{"loc":{"start":{"line":264,"column":6},"end":{"line":269,"column":null}},"type":"if","locations":[{"start":{"line":264,"column":6},"end":{"line":269,"column":null}},{"start":{"line":267,"column":13},"end":{"line":269,"column":null}}],"line":264},"28":{"loc":{"start":{"line":332,"column":6},"end":{"line":336,"column":null}},"type":"if","locations":[{"start":{"line":332,"column":6},"end":{"line":336,"column":null}},{"start":{"line":334,"column":6},"end":{"line":336,"column":null}}],"line":332},"29":{"loc":{"start":{"line":334,"column":6},"end":{"line":336,"column":null}},"type":"if","locations":[{"start":{"line":334,"column":6},"end":{"line":336,"column":null}},{"start":{},"end":{}}],"line":334},"30":{"loc":{"start":{"line":399,"column":6},"end":{"line":416,"column":null}},"type":"if","locations":[{"start":{"line":399,"column":6},"end":{"line":416,"column":null}},{"start":{"line":408,"column":6},"end":{"line":416,"column":null}}],"line":399},"31":{"loc":{"start":{"line":408,"column":6},"end":{"line":416,"column":null}},"type":"if","locations":[{"start":{"line":408,"column":6},"end":{"line":416,"column":null}},{"start":{},"end":{}}],"line":408},"32":{"loc":{"start":{"line":419,"column":4},"end":{"line":421,"column":null}},"type":"if","locations":[{"start":{"line":419,"column":4},"end":{"line":421,"column":null}},{"start":{},"end":{}}],"line":419},"33":{"loc":{"start":{"line":422,"column":4},"end":{"line":424,"column":null}},"type":"if","locations":[{"start":{"line":422,"column":4},"end":{"line":424,"column":null}},{"start":{},"end":{}}],"line":422}},"s":{"0":62,"1":62,"2":62,"3":1,"4":62,"5":1,"6":62,"7":1,"8":62,"9":3,"10":3,"11":2,"12":1,"13":1,"14":0,"15":1,"16":2,"17":62,"18":3,"19":3,"20":2,"21":1,"22":1,"23":0,"24":1,"25":2,"26":62,"27":3,"28":3,"29":2,"30":1,"31":1,"32":2,"33":62,"34":4,"35":4,"36":4,"37":4,"38":2,"39":1,"40":1,"41":0,"42":1,"43":2,"44":62,"45":4,"46":4,"47":4,"48":1,"49":1,"50":0,"51":1,"52":62,"53":4,"54":4,"55":4,"56":2,"57":1,"58":1,"59":0,"60":1,"61":2,"62":62,"63":23,"64":23,"65":24,"66":23,"67":2,"68":21,"69":21,"70":29,"71":5,"72":29,"73":31,"74":29,"75":33,"76":1,"77":32,"78":32,"79":18,"80":18,"81":5,"82":5,"83":9,"84":9,"85":32,"86":19,"87":21,"88":14,"89":21,"90":62,"91":3,"92":3,"93":2,"94":1,"95":1,"96":2,"97":62,"98":10,"99":16,"100":10,"101":11,"102":10,"103":8,"104":10,"105":6,"106":10,"107":62,"108":3,"109":5,"110":5,"111":62,"112":4,"113":5,"114":4,"115":4,"116":4,"117":5,"118":4,"119":4,"120":4,"121":4,"122":5,"123":9,"124":5,"125":5,"126":7,"127":4,"128":5,"129":5,"130":2,"131":3,"132":1,"133":4,"134":62,"135":0,"136":0,"137":0,"138":0,"139":0,"140":0,"141":0,"142":0,"143":0,"144":0,"145":0,"146":0,"147":0,"148":0,"149":0,"150":0,"151":0,"152":0,"153":0,"154":62,"155":1,"156":62},"f":{"0":62,"1":1,"2":1,"3":1,"4":3,"5":0,"6":3,"7":0,"8":3,"9":4,"10":0,"11":4,"12":4,"13":0,"14":23,"15":24,"16":5,"17":31,"18":3,"19":10,"20":16,"21":11,"22":8,"23":6,"24":3,"25":5,"26":5,"27":4,"28":5,"29":4,"30":5,"31":4,"32":9,"33":5,"34":7,"35":4,"36":0,"37":0,"38":0,"39":1},"b":{"0":[1,1],"1":[1,0],"2":[0,0],"3":[1,1],"4":[1,0],"5":[0,0],"6":[1,1],"7":[3,1],"8":[3,0,0],"9":[1,1],"10":[1,0],"11":[0,0],"12":[1,3],"13":[4,3],"14":[1,0,0],"15":[1,0],"16":[4,1],"17":[1,1],"18":[1,0],"19":[0,0],"20":[2,21],"21":[1,32],"22":[33,2],"23":[32,5,9],"24":[5,4,3],"25":[19,13],"26":[14,7],"27":[1,1],"28":[2,3],"29":[1,2],"30":[0,0],"31":[0,0],"32":[0,0],"33":[0,0]},"meta":{"lastBranch":34,"lastFunction":40,"lastStatement":157,"seen":{"f:9:16:9:37":0,"s:10:8:10:Infinity":0,"s:11:8:11:Infinity":1,"s:17:28:19:Infinity":2,"f:17:28:17:29":1,"s:18:4:18:Infinity":3,"s:21:24:23:Infinity":4,"f:21:24:21:25":2,"s:22:4:22:Infinity":5,"s:25:27:27:Infinity":6,"f:25:27:25:28":3,"s:26:4:26:Infinity":7,"s:33:22:48:Infinity":8,"f:33:22:33:29":4,"s:34:4:47:Infinity":9,"s:35:6:35:Infinity":10,"b:37:6:45:Infinity:43:13:45:Infinity":0,"s:37:6:45:Infinity":11,"s:38:28:38:Infinity":12,"b:38:28:38:60:38:60:38:Infinity":1,"s:39:8:42:Infinity":13,"b:41:33:41:67:41:67:41:Infinity":2,"f:41:33:41:39":5,"s:41:39:41:67":14,"s:44:8:44:Infinity":15,"s:46:6:46:Infinity":16,"s:50:25:65:Infinity":17,"f:50:25:50:32":6,"s:51:4:64:Infinity":18,"s:52:6:52:Infinity":19,"b:54:6:62:Infinity:60:13:62:Infinity":3,"s:54:6:62:Infinity":20,"s:55:28:55:Infinity":21,"b:55:28:55:60:55:60:55:Infinity":4,"s:56:8:59:Infinity":22,"b:58:33:58:78:58:78:58:Infinity":5,"f:58:33:58:39":7,"s:58:39:58:78":23,"s:61:8:61:Infinity":24,"s:63:6:63:Infinity":25,"s:67:25:79:Infinity":26,"f:67:25:67:32":8,"s:68:4:78:Infinity":27,"s:69:6:69:Infinity":28,"b:71:6:76:Infinity:74:13:76:Infinity":6,"s:71:6:76:Infinity":29,"s:73:8:73:Infinity":30,"s:75:8:75:Infinity":31,"s:77:6:77:Infinity":32,"s:85:24:119:Infinity":33,"f:85:24:85:Infinity":9,"s:92:36:99:Infinity":34,"s:100:4:118:Infinity":35,"s:101:27:104:Infinity":36,"b:101:44:104:10:104:10:104:Infinity":7,"b:103:26:103:56:103:56:103:80:103:80:103:Infinity":8,"s:106:6:106:Infinity":37,"b:108:6:116:Infinity:114:13:116:Infinity":9,"s:108:6:116:Infinity":38,"s:109:28:109:Infinity":39,"b:109:28:109:60:109:60:109:Infinity":10,"s:110:8:113:Infinity":40,"b:112:33:112:100:112:100:112:Infinity":11,"f:112:33:112:39":10,"s:112:39:112:100":41,"s:115:8:115:Infinity":42,"s:117:6:117:Infinity":43,"s:121:21:140:Infinity":44,"f:121:21:121:28":11,"s:122:4:139:Infinity":45,"s:123:27:128:Infinity":46,"b:123:52:128:10:128:10:128:Infinity":12,"b:123:27:123:45:123:45:123:52":13,"b:125:26:125:56:125:56:125:80:125:80:125:Infinity":14,"s:130:6:130:Infinity":47,"b:132:6:137:Infinity:135:13:137:Infinity":15,"s:132:6:137:Infinity":48,"s:134:8:134:Infinity":49,"s:136:8:136:Infinity":50,"s:138:6:138:Infinity":51,"s:146:24:174:Infinity":52,"f:146:24:146:Infinity":12,"s:153:42:159:Infinity":53,"b:158:10:158:18:158:18:158:Infinity":16,"s:160:4:173:Infinity":54,"s:161:6:161:Infinity":55,"b:163:6:171:Infinity:169:13:171:Infinity":17,"s:163:6:171:Infinity":56,"s:164:28:164:Infinity":57,"b:164:28:164:60:164:60:164:Infinity":18,"s:165:8:168:Infinity":58,"b:167:33:167:98:167:98:167:Infinity":19,"f:167:33:167:39":13,"s:167:39:167:98":59,"s:170:8:170:Infinity":60,"s:172:6:172:Infinity":61,"s:192:28:258:Infinity":62,"f:192:28:192:Infinity":14,"s:203:21:203:Infinity":63,"s:204:24:204:Infinity":64,"f:204:40:204:41":15,"s:204:47:204:55":65,"b:206:4:206:Infinity:undefined:undefined:undefined:undefined":20,"s:206:4:206:Infinity":66,"s:206:34:206:Infinity":67,"s:208:47:208:Infinity":68,"s:210:4:251:Infinity":69,"s:211:27:211:Infinity":70,"f:211:46:211:47":16,"s:211:53:211:75":71,"s:212:27:212:Infinity":72,"f:212:46:212:47":17,"s:212:53:212:75":73,"s:214:6:250:Infinity":74,"b:216:8:216:Infinity:undefined:undefined:undefined:undefined":21,"s:216:8:216:Infinity":75,"b:216:12:216:31:216:31:216:63":22,"s:216:63:216:Infinity":76,"s:218:25:218:Infinity":77,"b:221:10:224:Infinity:226:10:229:Infinity:231:10:234:Infinity":23,"s:220:8:235:Infinity":78,"s:223:12:223:Infinity":79,"s:224:12:224:Infinity":80,"s:228:12:228:Infinity":81,"b:228:25:228:57:228:57:228:74:228:74:228:Infinity":24,"s:229:12:229:Infinity":82,"s:233:12:233:Infinity":83,"s:234:12:234:Infinity":84,"b:237:8:249:Infinity:undefined:undefined:undefined:undefined":25,"s:237:8:249:Infinity":85,"s:238:10:248:Infinity":86,"b:253:4:255:Infinity:undefined:undefined:undefined:undefined":26,"s:253:4:255:Infinity":87,"s:254:6:254:Infinity":88,"s:257:4:257:Infinity":89,"s:260:24:272:Infinity":90,"f:260:24:260:31":18,"s:261:4:271:Infinity":91,"s:262:6:262:Infinity":92,"b:264:6:269:Infinity:267:13:269:Infinity":27,"s:264:6:269:Infinity":93,"s:266:8:266:Infinity":94,"s:268:8:268:Infinity":95,"s:270:6:270:Infinity":96,"s:278:33:297:Infinity":97,"f:278:33:278:Infinity":19,"s:284:24:284:Infinity":98,"f:284:37:284:38":20,"s:284:44:284:67":99,"s:285:27:285:Infinity":100,"f:285:43:285:44":21,"s:285:50:285:73":101,"s:287:23:287:Infinity":102,"f:287:42:287:43":22,"s:287:54:287:70":103,"s:288:22:288:Infinity":104,"f:288:44:288:45":23,"s:288:56:288:72":105,"s:290:4:296:Infinity":106,"s:299:37:308:Infinity":107,"f:299:37:299:Infinity":24,"s:305:4:307:Infinity":108,"f:306:11:306:12":25,"s:306:19:306:82":109,"f:307:12:307:13":26,"s:307:22:307:43":110,"s:310:31:346:Infinity":111,"f:310:31:310:32":27,"s:311:23:311:Infinity":112,"f:311:36:311:37":28,"s:311:48:311:64":113,"s:312:22:312:Infinity":114,"f:312:38:312:39":29,"s:312:50:312:66":115,"s:315:22:318:Infinity":116,"f:316:19:316:20":30,"s:316:26:316:36":117,"f:317:22:317:23":31,"s:317:29:317:39":118,"s:320:27:320:Infinity":119,"s:321:23:321:Infinity":120,"s:323:4:337:Infinity":121,"s:324:26:326:Infinity":122,"f:325:16:325:17":32,"s:325:23:325:46":123,"f:326:16:326:17":33,"s:326:28:326:44":124,"s:327:25:329:Infinity":125,"f:328:16:328:17":34,"s:328:23:328:46":126,"f:329:16:329:17":35,"s:329:28:329:44":127,"s:330:28:330:Infinity":128,"b:332:6:336:Infinity:334:6:336:Infinity":28,"s:332:6:336:Infinity":129,"s:333:8:333:Infinity":130,"b:334:6:336:Infinity:undefined:undefined:undefined:undefined":29,"s:334:6:336:Infinity":131,"s:335:8:335:Infinity":132,"s:339:4:345:Infinity":133,"s:352:23:425:Infinity":134,"f:352:23:352:Infinity":36,"s:363:21:363:Infinity":135,"s:364:20:364:Infinity":136,"s:367:59:385:Infinity":137,"f:372:23:372:24":37,"s:372:31:378:8":138,"f:379:29:379:30":38,"s:379:37:384:8":139,"s:388:4:388:Infinity":140,"s:391:4:391:Infinity":141,"s:392:4:392:Infinity":142,"s:395:48:395:Infinity":143,"s:396:54:396:Infinity":144,"s:398:4:417:Infinity":145,"b:399:6:416:Infinity:408:6:416:Infinity":30,"s:399:6:416:Infinity":146,"s:400:8:407:Infinity":147,"b:408:6:416:Infinity:undefined:undefined:undefined:undefined":31,"s:408:6:416:Infinity":148,"s:409:8:415:Infinity":149,"b:419:4:421:Infinity:undefined:undefined:undefined:undefined":32,"s:419:4:421:Infinity":150,"s:420:6:420:Infinity":151,"b:422:4:424:Infinity:undefined:undefined:undefined:undefined":33,"s:422:4:424:Infinity":152,"s:423:6:423:Infinity":153,"s:427:33:429:Infinity":154,"f:427:33:427:34":39,"s:428:4:428:Infinity":155,"s:431:2:455:Infinity":156}}}
,"C:\\Users\\Developer\\Documents\\projekty\\diplomova-prace\\quasar-club-system\\src\\composable\\useDateHelpers.ts": {"path":"C:\\Users\\Developer\\Documents\\projekty\\diplomova-prace\\quasar-club-system\\src\\composable\\useDateHelpers.ts","statementMap":{"0":{"start":{"line":17,"column":28},"end":{"line":20,"column":null}},"1":{"start":{"line":18,"column":17},"end":{"line":18,"column":null}},"2":{"start":{"line":19,"column":4},"end":{"line":19,"column":null}},"3":{"start":{"line":22,"column":21},"end":{"line":25,"column":null}},"4":{"start":{"line":23,"column":22},"end":{"line":23,"column":null}},"5":{"start":{"line":24,"column":4},"end":{"line":24,"column":null}},"6":{"start":{"line":27,"column":24},"end":{"line":30,"column":null}},"7":{"start":{"line":28,"column":22},"end":{"line":28,"column":null}},"8":{"start":{"line":29,"column":4},"end":{"line":29,"column":null}},"9":{"start":{"line":32,"column":31},"end":{"line":36,"column":null}},"10":{"start":{"line":33,"column":31},"end":{"line":33,"column":null}},"11":{"start":{"line":34,"column":27},"end":{"line":34,"column":null}},"12":{"start":{"line":35,"column":4},"end":{"line":35,"column":null}},"13":{"start":{"line":38,"column":31},"end":{"line":43,"column":null}},"14":{"start":{"line":39,"column":21},"end":{"line":39,"column":null}},"15":{"start":{"line":40,"column":20},"end":{"line":40,"column":null}},"16":{"start":{"line":41,"column":23},"end":{"line":41,"column":null}},"17":{"start":{"line":42,"column":4},"end":{"line":42,"column":null}},"18":{"start":{"line":48,"column":25},"end":{"line":50,"column":null}},"19":{"start":{"line":49,"column":4},"end":{"line":49,"column":null}},"20":{"start":{"line":55,"column":31},"end":{"line":58,"column":null}},"21":{"start":{"line":56,"column":17},"end":{"line":56,"column":null}},"22":{"start":{"line":57,"column":4},"end":{"line":57,"column":null}},"23":{"start":{"line":63,"column":25},"end":{"line":122,"column":null}},"24":{"start":{"line":64,"column":25},"end":{"line":64,"column":null}},"25":{"start":{"line":64,"column":48},"end":{"line":64,"column":null}},"26":{"start":{"line":66,"column":4},"end":{"line":121,"column":null}},"27":{"start":{"line":127,"column":29},"end":{"line":132,"column":null}},"28":{"start":{"line":128,"column":4},"end":{"line":131,"column":null}},"29":{"start":{"line":137,"column":24},"end":{"line":159,"column":null}},"30":{"start":{"line":138,"column":4},"end":{"line":138,"column":null}},"31":{"start":{"line":138,"column":30},"end":{"line":138,"column":null}},"32":{"start":{"line":140,"column":23},"end":{"line":140,"column":null}},"33":{"start":{"line":142,"column":4},"end":{"line":146,"column":null}},"34":{"start":{"line":143,"column":19},"end":{"line":143,"column":null}},"35":{"start":{"line":144,"column":17},"end":{"line":144,"column":null}},"36":{"start":{"line":145,"column":6},"end":{"line":145,"column":null}},"37":{"start":{"line":148,"column":4},"end":{"line":151,"column":null}},"38":{"start":{"line":149,"column":19},"end":{"line":149,"column":null}},"39":{"start":{"line":150,"column":6},"end":{"line":150,"column":null}},"40":{"start":{"line":153,"column":4},"end":{"line":156,"column":null}},"41":{"start":{"line":154,"column":17},"end":{"line":154,"column":null}},"42":{"start":{"line":155,"column":6},"end":{"line":155,"column":null}},"43":{"start":{"line":158,"column":4},"end":{"line":158,"column":null}},"44":{"start":{"line":164,"column":26},"end":{"line":169,"column":null}},"45":{"start":{"line":165,"column":17},"end":{"line":165,"column":null}},"46":{"start":{"line":166,"column":16},"end":{"line":166,"column":null}},"47":{"start":{"line":168,"column":4},"end":{"line":168,"column":null}},"48":{"start":{"line":171,"column":2},"end":{"line":183,"column":null}}},"fnMap":{"0":{"name":"useDateHelpers","decl":{"start":{"line":11,"column":16},"end":{"line":11,"column":31}},"loc":{"start":{"line":11,"column":46},"end":{"line":184,"column":null}},"line":11},"1":{"name":"(anonymous_1)","decl":{"start":{"line":17,"column":28},"end":{"line":17,"column":29}},"loc":{"start":{"line":17,"column":60},"end":{"line":20,"column":null}},"line":17},"2":{"name":"(anonymous_2)","decl":{"start":{"line":22,"column":21},"end":{"line":22,"column":22}},"loc":{"start":{"line":22,"column":47},"end":{"line":25,"column":null}},"line":22},"3":{"name":"(anonymous_3)","decl":{"start":{"line":27,"column":24},"end":{"line":27,"column":25}},"loc":{"start":{"line":27,"column":50},"end":{"line":30,"column":null}},"line":27},"4":{"name":"(anonymous_4)","decl":{"start":{"line":32,"column":31},"end":{"line":32,"column":32}},"loc":{"start":{"line":32,"column":69},"end":{"line":36,"column":null}},"line":32},"5":{"name":"(anonymous_5)","decl":{"start":{"line":38,"column":31},"end":{"line":38,"column":32}},"loc":{"start":{"line":38,"column":71},"end":{"line":43,"column":null}},"line":38},"6":{"name":"(anonymous_6)","decl":{"start":{"line":48,"column":25},"end":{"line":48,"column":39}},"loc":{"start":{"line":48,"column":39},"end":{"line":50,"column":null}},"line":48},"7":{"name":"(anonymous_7)","decl":{"start":{"line":55,"column":31},"end":{"line":55,"column":32}},"loc":{"start":{"line":55,"column":63},"end":{"line":58,"column":null}},"line":55},"8":{"name":"(anonymous_8)","decl":{"start":{"line":63,"column":25},"end":{"line":63,"column":26}},"loc":{"start":{"line":63,"column":72},"end":{"line":122,"column":null}},"line":63},"9":{"name":"(anonymous_9)","decl":{"start":{"line":64,"column":31},"end":{"line":64,"column":32}},"loc":{"start":{"line":64,"column":48},"end":{"line":64,"column":null}},"line":64},"10":{"name":"(anonymous_10)","decl":{"start":{"line":127,"column":29},"end":{"line":127,"column":35}},"loc":{"start":{"line":127,"column":35},"end":{"line":132,"column":null}},"line":127},"11":{"name":"(anonymous_11)","decl":{"start":{"line":137,"column":24},"end":{"line":137,"column":25}},"loc":{"start":{"line":137,"column":87},"end":{"line":159,"column":null}},"line":137},"12":{"name":"(anonymous_12)","decl":{"start":{"line":164,"column":26},"end":{"line":164,"column":27}},"loc":{"start":{"line":164,"column":58},"end":{"line":169,"column":null}},"line":164}},"branchMap":{"0":{"loc":{"start":{"line":11,"column":31},"end":{"line":11,"column":46}},"type":"default-arg","locations":[{"start":{"line":11,"column":40},"end":{"line":11,"column":46}}],"line":11},"1":{"loc":{"start":{"line":64,"column":25},"end":{"line":64,"column":null}},"type":"binary-expr","locations":[{"start":{"line":64,"column":25},"end":{"line":64,"column":31}},{"start":{"line":64,"column":31},"end":{"line":64,"column":null}}],"line":64},"2":{"loc":{"start":{"line":138,"column":4},"end":{"line":138,"column":null}},"type":"if","locations":[{"start":{"line":138,"column":4},"end":{"line":138,"column":null}},{"start":{},"end":{}}],"line":138},"3":{"loc":{"start":{"line":138,"column":8},"end":{"line":138,"column":30}},"type":"binary-expr","locations":[{"start":{"line":138,"column":8},"end":{"line":138,"column":21}},{"start":{"line":138,"column":21},"end":{"line":138,"column":30}}],"line":138},"4":{"loc":{"start":{"line":142,"column":4},"end":{"line":146,"column":null}},"type":"if","locations":[{"start":{"line":142,"column":4},"end":{"line":146,"column":null}},{"start":{},"end":{}}],"line":142},"5":{"loc":{"start":{"line":142,"column":8},"end":{"line":142,"column":28}},"type":"binary-expr","locations":[{"start":{"line":142,"column":8},"end":{"line":142,"column":20}},{"start":{"line":142,"column":20},"end":{"line":142,"column":28}}],"line":142},"6":{"loc":{"start":{"line":145,"column":13},"end":{"line":145,"column":null}},"type":"binary-expr","locations":[{"start":{"line":145,"column":13},"end":{"line":145,"column":35}},{"start":{"line":145,"column":35},"end":{"line":145,"column":null}}],"line":145},"7":{"loc":{"start":{"line":148,"column":4},"end":{"line":151,"column":null}},"type":"if","locations":[{"start":{"line":148,"column":4},"end":{"line":151,"column":null}},{"start":{},"end":{}}],"line":148},"8":{"loc":{"start":{"line":153,"column":4},"end":{"line":156,"column":null}},"type":"if","locations":[{"start":{"line":153,"column":4},"end":{"line":156,"column":null}},{"start":{},"end":{}}],"line":153},"9":{"loc":{"start":{"line":168,"column":11},"end":{"line":168,"column":null}},"type":"binary-expr","locations":[{"start":{"line":168,"column":11},"end":{"line":168,"column":45}},{"start":{"line":168,"column":45},"end":{"line":168,"column":null}}],"line":168}},"s":{"0":19,"1":2,"2":2,"3":19,"4":2,"5":2,"6":19,"7":1,"8":1,"9":19,"10":2,"11":2,"12":2,"13":19,"14":1,"15":1,"16":1,"17":1,"18":19,"19":1,"20":19,"21":1,"22":1,"23":19,"24":4,"25":27,"26":4,"27":19,"28":1,"29":19,"30":10,"31":1,"32":9,"33":9,"34":5,"35":5,"36":5,"37":4,"38":2,"39":2,"40":2,"41":2,"42":2,"43":0,"44":19,"45":0,"46":0,"47":0,"48":19},"f":{"0":19,"1":2,"2":2,"3":1,"4":2,"5":1,"6":1,"7":1,"8":4,"9":27,"10":1,"11":10,"12":0},"b":{"0":[19],"1":[4,27],"2":[1,9],"3":[10,3],"4":[5,4],"5":[9,7],"6":[5,4],"7":[2,2],"8":[2,0],"9":[0,0]},"meta":{"lastBranch":10,"lastFunction":13,"lastStatement":49,"seen":{"f:11:16:11:31":0,"b:11:40:11:46":0,"s:17:28:20:Infinity":0,"f:17:28:17:29":1,"s:18:17:18:Infinity":1,"s:19:4:19:Infinity":2,"s:22:21:25:Infinity":3,"f:22:21:22:22":2,"s:23:22:23:Infinity":4,"s:24:4:24:Infinity":5,"s:27:24:30:Infinity":6,"f:27:24:27:25":3,"s:28:22:28:Infinity":7,"s:29:4:29:Infinity":8,"s:32:31:36:Infinity":9,"f:32:31:32:32":4,"s:33:31:33:Infinity":10,"s:34:27:34:Infinity":11,"s:35:4:35:Infinity":12,"s:38:31:43:Infinity":13,"f:38:31:38:32":5,"s:39:21:39:Infinity":14,"s:40:20:40:Infinity":15,"s:41:23:41:Infinity":16,"s:42:4:42:Infinity":17,"s:48:25:50:Infinity":18,"f:48:25:48:39":6,"s:49:4:49:Infinity":19,"s:55:31:58:Infinity":20,"f:55:31:55:32":7,"s:56:17:56:Infinity":21,"s:57:4:57:Infinity":22,"s:63:25:122:Infinity":23,"f:63:25:63:26":8,"s:64:25:64:Infinity":24,"b:64:25:64:31:64:31:64:Infinity":1,"f:64:31:64:32":9,"s:64:48:64:Infinity":25,"s:66:4:121:Infinity":26,"s:127:29:132:Infinity":27,"f:127:29:127:35":10,"s:128:4:131:Infinity":28,"s:137:24:159:Infinity":29,"f:137:24:137:25":11,"b:138:4:138:Infinity:undefined:undefined:undefined:undefined":2,"s:138:4:138:Infinity":30,"b:138:8:138:21:138:21:138:30":3,"s:138:30:138:Infinity":31,"s:140:23:140:Infinity":32,"b:142:4:146:Infinity:undefined:undefined:undefined:undefined":4,"s:142:4:146:Infinity":33,"b:142:8:142:20:142:20:142:28":5,"s:143:19:143:Infinity":34,"s:144:17:144:Infinity":35,"s:145:6:145:Infinity":36,"b:145:13:145:35:145:35:145:Infinity":6,"b:148:4:151:Infinity:undefined:undefined:undefined:undefined":7,"s:148:4:151:Infinity":37,"s:149:19:149:Infinity":38,"s:150:6:150:Infinity":39,"b:153:4:156:Infinity:undefined:undefined:undefined:undefined":8,"s:153:4:156:Infinity":40,"s:154:17:154:Infinity":41,"s:155:6:155:Infinity":42,"s:158:4:158:Infinity":43,"s:164:26:169:Infinity":44,"f:164:26:164:27":12,"s:165:17:165:Infinity":45,"s:166:16:166:Infinity":46,"s:168:4:168:Infinity":47,"b:168:11:168:45:168:45:168:Infinity":9,"s:171:2:183:Infinity":48}}}
,"C:\\Users\\Developer\\Documents\\projekty\\diplomova-prace\\quasar-club-system\\src\\composable\\useFormValidation.ts": {"path":"C:\\Users\\Developer\\Documents\\projekty\\diplomova-prace\\quasar-club-system\\src\\composable\\useFormValidation.ts","statementMap":{"0":{"start":{"line":18,"column":16},"end":{"line":105,"column":null}},"1":{"start":{"line":20,"column":6},"end":{"line":20,"column":null}},"2":{"start":{"line":20,"column":24},"end":{"line":20,"column":null}},"3":{"start":{"line":23,"column":6},"end":{"line":23,"column":null}},"4":{"start":{"line":23,"column":25},"end":{"line":23,"column":null}},"5":{"start":{"line":26,"column":6},"end":{"line":30,"column":null}},"6":{"start":{"line":27,"column":8},"end":{"line":27,"column":null}},"7":{"start":{"line":27,"column":45},"end":{"line":27,"column":null}},"8":{"start":{"line":28,"column":29},"end":{"line":28,"column":null}},"9":{"start":{"line":29,"column":8},"end":{"line":29,"column":null}},"10":{"start":{"line":33,"column":6},"end":{"line":37,"column":null}},"11":{"start":{"line":34,"column":8},"end":{"line":34,"column":null}},"12":{"start":{"line":34,"column":45},"end":{"line":34,"column":null}},"13":{"start":{"line":35,"column":20},"end":{"line":35,"column":null}},"14":{"start":{"line":36,"column":8},"end":{"line":36,"column":null}},"15":{"start":{"line":40,"column":6},"end":{"line":44,"column":null}},"16":{"start":{"line":41,"column":8},"end":{"line":41,"column":null}},"17":{"start":{"line":41,"column":45},"end":{"line":41,"column":null}},"18":{"start":{"line":42,"column":20},"end":{"line":42,"column":null}},"19":{"start":{"line":43,"column":8},"end":{"line":43,"column":null}},"20":{"start":{"line":47,"column":6},"end":{"line":50,"column":null}},"21":{"start":{"line":48,"column":8},"end":{"line":48,"column":null}},"22":{"start":{"line":48,"column":45},"end":{"line":48,"column":null}},"23":{"start":{"line":49,"column":8},"end":{"line":49,"column":null}},"24":{"start":{"line":53,"column":6},"end":{"line":53,"column":null}},"25":{"start":{"line":53,"column":24},"end":{"line":53,"column":null}},"26":{"start":{"line":56,"column":6},"end":{"line":56,"column":null}},"27":{"start":{"line":56,"column":24},"end":{"line":56,"column":null}},"28":{"start":{"line":59,"column":6},"end":{"line":67,"column":null}},"29":{"start":{"line":60,"column":8},"end":{"line":60,"column":null}},"30":{"start":{"line":60,"column":45},"end":{"line":60,"column":null}},"31":{"start":{"line":61,"column":8},"end":{"line":66,"column":null}},"32":{"start":{"line":62,"column":10},"end":{"line":62,"column":null}},"33":{"start":{"line":63,"column":10},"end":{"line":63,"column":null}},"34":{"start":{"line":65,"column":10},"end":{"line":65,"column":null}},"35":{"start":{"line":70,"column":6},"end":{"line":74,"column":null}},"36":{"start":{"line":71,"column":8},"end":{"line":71,"column":null}},"37":{"start":{"line":71,"column":45},"end":{"line":71,"column":null}},"38":{"start":{"line":72,"column":28},"end":{"line":72,"column":null}},"39":{"start":{"line":73,"column":8},"end":{"line":73,"column":null}},"40":{"start":{"line":77,"column":6},"end":{"line":81,"column":null}},"41":{"start":{"line":78,"column":8},"end":{"line":78,"column":null}},"42":{"start":{"line":78,"column":45},"end":{"line":78,"column":null}},"43":{"start":{"line":79,"column":28},"end":{"line":79,"column":null}},"44":{"start":{"line":80,"column":8},"end":{"line":80,"column":null}},"45":{"start":{"line":84,"column":6},"end":{"line":90,"column":null}},"46":{"start":{"line":85,"column":8},"end":{"line":85,"column":null}},"47":{"start":{"line":85,"column":45},"end":{"line":85,"column":null}},"48":{"start":{"line":86,"column":29},"end":{"line":86,"column":null}},"49":{"start":{"line":87,"column":22},"end":{"line":87,"column":null}},"50":{"start":{"line":88,"column":8},"end":{"line":88,"column":null}},"51":{"start":{"line":89,"column":8},"end":{"line":89,"column":null}},"52":{"start":{"line":93,"column":6},"end":{"line":98,"column":null}},"53":{"start":{"line":94,"column":8},"end":{"line":94,"column":null}},"54":{"start":{"line":94,"column":45},"end":{"line":94,"column":null}},"55":{"start":{"line":95,"column":29},"end":{"line":95,"column":null}},"56":{"start":{"line":96,"column":22},"end":{"line":96,"column":null}},"57":{"start":{"line":97,"column":8},"end":{"line":97,"column":null}},"58":{"start":{"line":101,"column":6},"end":{"line":101,"column":null}},"59":{"start":{"line":101,"column":24},"end":{"line":101,"column":null}},"60":{"start":{"line":104,"column":6},"end":{"line":104,"column":null}},"61":{"start":{"line":104,"column":24},"end":{"line":104,"column":null}},"62":{"start":{"line":110,"column":22},"end":{"line":134,"column":null}},"63":{"start":{"line":111,"column":34},"end":{"line":115,"column":null}},"64":{"start":{"line":117,"column":40},"end":{"line":119,"column":null}},"65":{"start":{"line":121,"column":33},"end":{"line":124,"column":null}},"66":{"start":{"line":126,"column":33},"end":{"line":129,"column":null}},"67":{"start":{"line":131,"column":39},"end":{"line":133,"column":null}},"68":{"start":{"line":139,"column":20},"end":{"line":149,"column":null}},"69":{"start":{"line":140,"column":33},"end":{"line":144,"column":null}},"70":{"start":{"line":146,"column":40},"end":{"line":148,"column":null}},"71":{"start":{"line":154,"column":20},"end":{"line":174,"column":null}},"72":{"start":{"line":155,"column":34},"end":{"line":158,"column":null}},"73":{"start":{"line":160,"column":37},"end":{"line":163,"column":null}},"74":{"start":{"line":165,"column":60},"end":{"line":168,"column":null}},"75":{"start":{"line":170,"column":40},"end":{"line":173,"column":null}},"76":{"start":{"line":179,"column":24},"end":{"line":187,"column":null}},"77":{"start":{"line":180,"column":4},"end":{"line":185,"column":null}},"78":{"start":{"line":181,"column":21},"end":{"line":181,"column":null}},"79":{"start":{"line":182,"column":6},"end":{"line":184,"column":null}},"80":{"start":{"line":183,"column":8},"end":{"line":183,"column":null}},"81":{"start":{"line":186,"column":4},"end":{"line":186,"column":null}},"82":{"start":{"line":192,"column":25},"end":{"line":205,"column":null}},"83":{"start":{"line":193,"column":43},"end":{"line":193,"column":null}},"84":{"start":{"line":194,"column":18},"end":{"line":194,"column":null}},"85":{"start":{"line":196,"column":4},"end":{"line":202,"column":null}},"86":{"start":{"line":197,"column":20},"end":{"line":197,"column":null}},"87":{"start":{"line":198,"column":6},"end":{"line":201,"column":null}},"88":{"start":{"line":199,"column":8},"end":{"line":199,"column":null}},"89":{"start":{"line":200,"column":8},"end":{"line":200,"column":null}},"90":{"start":{"line":204,"column":4},"end":{"line":204,"column":null}},"91":{"start":{"line":210,"column":30},"end":{"line":258,"column":null}},"92":{"start":{"line":211,"column":10},"end":{"line":211,"column":null}},"93":{"start":{"line":212,"column":10},"end":{"line":212,"column":null}},"94":{"start":{"line":213,"column":10},"end":{"line":213,"column":null}},"95":{"start":{"line":215,"column":21},"end":{"line":219,"column":null}},"96":{"start":{"line":216,"column":21},"end":{"line":216,"column":null}},"97":{"start":{"line":217,"column":6},"end":{"line":217,"column":null}},"98":{"start":{"line":218,"column":6},"end":{"line":218,"column":null}},"99":{"start":{"line":221,"column":32},"end":{"line":232,"column":null}},"100":{"start":{"line":222,"column":20},"end":{"line":222,"column":null}},"101":{"start":{"line":223,"column":6},"end":{"line":231,"column":null}},"102":{"start":{"line":224,"column":22},"end":{"line":224,"column":null}},"103":{"start":{"line":225,"column":8},"end":{"line":229,"column":null}},"104":{"start":{"line":226,"column":10},"end":{"line":226,"column":null}},"105":{"start":{"line":228,"column":10},"end":{"line":228,"column":null}},"106":{"start":{"line":230,"column":8},"end":{"line":230,"column":null}},"107":{"start":{"line":234,"column":24},"end":{"line":237,"column":null}},"108":{"start":{"line":235,"column":6},"end":{"line":235,"column":null}},"109":{"start":{"line":236,"column":6},"end":{"line":236,"column":null}},"110":{"start":{"line":239,"column":18},"end":{"line":242,"column":null}},"111":{"start":{"line":240,"column":6},"end":{"line":240,"column":null}},"112":{"start":{"line":244,"column":10},"end":{"line":244,"column":null}},"113":{"start":{"line":244,"column":35},"end":{"line":244,"column":73}},"114":{"start":{"line":245,"column":10},"end":{"line":245,"column":null}},"115":{"start":{"line":245,"column":37},"end":{"line":245,"column":73}},"116":{"start":{"line":247,"column":4},"end":{"line":257,"column":null}},"117":{"start":{"line":263,"column":24},"end":{"line":265,"column":null}},"118":{"start":{"line":264,"column":4},"end":{"line":264,"column":null}},"119":{"start":{"line":270,"column":24},"end":{"line":272,"column":null}},"120":{"start":{"line":271,"column":4},"end":{"line":271,"column":null}},"121":{"start":{"line":274,"column":2},"end":{"line":284,"column":null}}},"fnMap":{"0":{"name":"useFormValidation","decl":{"start":{"line":13,"column":16},"end":{"line":13,"column":36}},"loc":{"start":{"line":13,"column":36},"end":{"line":285,"column":null}},"line":13},"1":{"name":"(anonymous_1)","decl":{"start":{"line":19,"column":14},"end":{"line":19,"column":15}},"loc":{"start":{"line":20,"column":6},"end":{"line":20,"column":null}},"line":20},"2":{"name":"(anonymous_2)","decl":{"start":{"line":20,"column":6},"end":{"line":20,"column":7}},"loc":{"start":{"line":20,"column":24},"end":{"line":20,"column":null}},"line":20},"3":{"name":"(anonymous_3)","decl":{"start":{"line":22,"column":20},"end":{"line":22,"column":21}},"loc":{"start":{"line":23,"column":6},"end":{"line":23,"column":null}},"line":23},"4":{"name":"(anonymous_4)","decl":{"start":{"line":23,"column":6},"end":{"line":23,"column":7}},"loc":{"start":{"line":23,"column":25},"end":{"line":23,"column":null}},"line":23},"5":{"name":"(anonymous_5)","decl":{"start":{"line":25,"column":11},"end":{"line":25,"column":12}},"loc":{"start":{"line":26,"column":6},"end":{"line":30,"column":null}},"line":26},"6":{"name":"(anonymous_6)","decl":{"start":{"line":26,"column":6},"end":{"line":26,"column":7}},"loc":{"start":{"line":26,"column":24},"end":{"line":30,"column":null}},"line":26},"7":{"name":"(anonymous_7)","decl":{"start":{"line":32,"column":15},"end":{"line":32,"column":16}},"loc":{"start":{"line":33,"column":6},"end":{"line":37,"column":null}},"line":33},"8":{"name":"(anonymous_8)","decl":{"start":{"line":33,"column":6},"end":{"line":33,"column":7}},"loc":{"start":{"line":33,"column":24},"end":{"line":37,"column":null}},"line":33},"9":{"name":"(anonymous_9)","decl":{"start":{"line":39,"column":15},"end":{"line":39,"column":16}},"loc":{"start":{"line":40,"column":6},"end":{"line":44,"column":null}},"line":40},"10":{"name":"(anonymous_10)","decl":{"start":{"line":40,"column":6},"end":{"line":40,"column":7}},"loc":{"start":{"line":40,"column":24},"end":{"line":44,"column":null}},"line":40},"11":{"name":"(anonymous_11)","decl":{"start":{"line":46,"column":13},"end":{"line":46,"column":14}},"loc":{"start":{"line":47,"column":6},"end":{"line":50,"column":null}},"line":47},"12":{"name":"(anonymous_12)","decl":{"start":{"line":47,"column":6},"end":{"line":47,"column":7}},"loc":{"start":{"line":47,"column":24},"end":{"line":50,"column":null}},"line":47},"13":{"name":"(anonymous_13)","decl":{"start":{"line":52,"column":13},"end":{"line":52,"column":14}},"loc":{"start":{"line":53,"column":6},"end":{"line":53,"column":null}},"line":53},"14":{"name":"(anonymous_14)","decl":{"start":{"line":53,"column":6},"end":{"line":53,"column":7}},"loc":{"start":{"line":53,"column":24},"end":{"line":53,"column":null}},"line":53},"15":{"name":"(anonymous_15)","decl":{"start":{"line":55,"column":20},"end":{"line":55,"column":21}},"loc":{"start":{"line":56,"column":6},"end":{"line":56,"column":null}},"line":56},"16":{"name":"(anonymous_16)","decl":{"start":{"line":56,"column":6},"end":{"line":56,"column":7}},"loc":{"start":{"line":56,"column":24},"end":{"line":56,"column":null}},"line":56},"17":{"name":"(anonymous_17)","decl":{"start":{"line":58,"column":9},"end":{"line":58,"column":10}},"loc":{"start":{"line":59,"column":6},"end":{"line":67,"column":null}},"line":59},"18":{"name":"(anonymous_18)","decl":{"start":{"line":59,"column":6},"end":{"line":59,"column":7}},"loc":{"start":{"line":59,"column":24},"end":{"line":67,"column":null}},"line":59},"19":{"name":"(anonymous_19)","decl":{"start":{"line":69,"column":16},"end":{"line":69,"column":17}},"loc":{"start":{"line":70,"column":6},"end":{"line":74,"column":null}},"line":70},"20":{"name":"(anonymous_20)","decl":{"start":{"line":70,"column":6},"end":{"line":70,"column":7}},"loc":{"start":{"line":70,"column":24},"end":{"line":74,"column":null}},"line":70},"21":{"name":"(anonymous_21)","decl":{"start":{"line":76,"column":16},"end":{"line":76,"column":17}},"loc":{"start":{"line":77,"column":6},"end":{"line":81,"column":null}},"line":77},"22":{"name":"(anonymous_22)","decl":{"start":{"line":77,"column":6},"end":{"line":77,"column":7}},"loc":{"start":{"line":77,"column":24},"end":{"line":81,"column":null}},"line":77},"23":{"name":"(anonymous_23)","decl":{"start":{"line":83,"column":16},"end":{"line":83,"column":17}},"loc":{"start":{"line":84,"column":6},"end":{"line":90,"column":null}},"line":84},"24":{"name":"(anonymous_24)","decl":{"start":{"line":84,"column":6},"end":{"line":84,"column":7}},"loc":{"start":{"line":84,"column":24},"end":{"line":90,"column":null}},"line":84},"25":{"name":"(anonymous_25)","decl":{"start":{"line":92,"column":14},"end":{"line":92,"column":15}},"loc":{"start":{"line":93,"column":6},"end":{"line":98,"column":null}},"line":93},"26":{"name":"(anonymous_26)","decl":{"start":{"line":93,"column":6},"end":{"line":93,"column":7}},"loc":{"start":{"line":93,"column":24},"end":{"line":98,"column":null}},"line":93},"27":{"name":"(anonymous_27)","decl":{"start":{"line":100,"column":13},"end":{"line":100,"column":14}},"loc":{"start":{"line":101,"column":6},"end":{"line":101,"column":null}},"line":101},"28":{"name":"(anonymous_28)","decl":{"start":{"line":101,"column":6},"end":{"line":101,"column":7}},"loc":{"start":{"line":101,"column":24},"end":{"line":101,"column":null}},"line":101},"29":{"name":"(anonymous_29)","decl":{"start":{"line":103,"column":12},"end":{"line":103,"column":13}},"loc":{"start":{"line":104,"column":6},"end":{"line":104,"column":null}},"line":104},"30":{"name":"(anonymous_30)","decl":{"start":{"line":104,"column":6},"end":{"line":104,"column":7}},"loc":{"start":{"line":104,"column":24},"end":{"line":104,"column":null}},"line":104},"31":{"name":"(anonymous_31)","decl":{"start":{"line":111,"column":11},"end":{"line":111,"column":34}},"loc":{"start":{"line":111,"column":34},"end":{"line":115,"column":null}},"line":111},"32":{"name":"(anonymous_32)","decl":{"start":{"line":117,"column":17},"end":{"line":117,"column":40}},"loc":{"start":{"line":117,"column":40},"end":{"line":119,"column":null}},"line":117},"33":{"name":"(anonymous_33)","decl":{"start":{"line":121,"column":10},"end":{"line":121,"column":33}},"loc":{"start":{"line":121,"column":33},"end":{"line":124,"column":null}},"line":121},"34":{"name":"(anonymous_34)","decl":{"start":{"line":126,"column":10},"end":{"line":126,"column":33}},"loc":{"start":{"line":126,"column":33},"end":{"line":129,"column":null}},"line":126},"35":{"name":"(anonymous_35)","decl":{"start":{"line":131,"column":16},"end":{"line":131,"column":39}},"loc":{"start":{"line":131,"column":39},"end":{"line":133,"column":null}},"line":131},"36":{"name":"(anonymous_36)","decl":{"start":{"line":140,"column":10},"end":{"line":140,"column":33}},"loc":{"start":{"line":140,"column":33},"end":{"line":144,"column":null}},"line":140},"37":{"name":"(anonymous_37)","decl":{"start":{"line":146,"column":17},"end":{"line":146,"column":40}},"loc":{"start":{"line":146,"column":40},"end":{"line":148
[...]
umn":null}},{"start":{"line":88,"column":13},"end":{"line":90,"column":null}}],"line":81},"9":{"loc":{"start":{"line":83,"column":28},"end":{"line":83,"column":null}},"type":"binary-expr","locations":[{"start":{"line":83,"column":28},"end":{"line":83,"column":60}},{"start":{"line":83,"column":60},"end":{"line":83,"column":null}}],"line":83},"10":{"loc":{"start":{"line":86,"column":19},"end":{"line":86,"column":null}},"type":"cond-expr","locations":[{"start":{"line":86,"column":33},"end":{"line":86,"column":62}},{"start":{"line":86,"column":62},"end":{"line":86,"column":null}}],"line":86},"11":{"loc":{"start":{"line":99,"column":6},"end":{"line":107,"column":null}},"type":"if","locations":[{"start":{"line":99,"column":6},"end":{"line":107,"column":null}},{"start":{"line":105,"column":13},"end":{"line":107,"column":null}}],"line":99},"12":{"loc":{"start":{"line":100,"column":28},"end":{"line":100,"column":null}},"type":"binary-expr","locations":[{"start":{"line":100,"column":28},"end":{"line":100,"column":60}},{"start":{"line":100,"column":60},"end":{"line":100,"column":null}}],"line":100},"13":{"loc":{"start":{"line":103,"column":19},"end":{"line":103,"column":null}},"type":"cond-expr","locations":[{"start":{"line":103,"column":33},"end":{"line":103,"column":79}},{"start":{"line":103,"column":79},"end":{"line":103,"column":null}}],"line":103},"14":{"loc":{"start":{"line":114,"column":4},"end":{"line":129,"column":null}},"type":"if","locations":[{"start":{"line":114,"column":4},"end":{"line":129,"column":null}},{"start":{},"end":{}}],"line":114},"15":{"loc":{"start":{"line":118,"column":8},"end":{"line":126,"column":null}},"type":"if","locations":[{"start":{"line":118,"column":8},"end":{"line":126,"column":null}},{"start":{"line":124,"column":15},"end":{"line":126,"column":null}}],"line":118},"16":{"loc":{"start":{"line":119,"column":30},"end":{"line":119,"column":null}},"type":"binary-expr","locations":[{"start":{"line":119,"column":30},"end":{"line":119,"column":62}},{"start":{"line":119,"column":62},"end":{"line":119,"column":null}}],"line":119},"17":{"loc":{"start":{"line":122,"column":21},"end":{"line":122,"column":null}},"type":"cond-expr","locations":[{"start":{"line":122,"column":35},"end":{"line":122,"column":84}},{"start":{"line":122,"column":84},"end":{"line":122,"column":null}}],"line":122},"18":{"loc":{"start":{"line":137,"column":6},"end":{"line":145,"column":null}},"type":"if","locations":[{"start":{"line":137,"column":6},"end":{"line":145,"column":null}},{"start":{"line":143,"column":13},"end":{"line":145,"column":null}}],"line":137},"19":{"loc":{"start":{"line":138,"column":28},"end":{"line":138,"column":null}},"type":"binary-expr","locations":[{"start":{"line":138,"column":28},"end":{"line":138,"column":60}},{"start":{"line":138,"column":60},"end":{"line":138,"column":null}}],"line":138},"20":{"loc":{"start":{"line":141,"column":19},"end":{"line":141,"column":null}},"type":"cond-expr","locations":[{"start":{"line":141,"column":33},"end":{"line":141,"column":90}},{"start":{"line":141,"column":90},"end":{"line":141,"column":null}}],"line":141},"21":{"loc":{"start":{"line":154,"column":27},"end":{"line":157,"column":null}},"type":"cond-expr","locations":[{"start":{"line":154,"column":44},"end":{"line":157,"column":10}},{"start":{"line":157,"column":10},"end":{"line":157,"column":null}}],"line":154},"22":{"loc":{"start":{"line":155,"column":16},"end":{"line":155,"column":null}},"type":"binary-expr","locations":[{"start":{"line":155,"column":16},"end":{"line":155,"column":34}},{"start":{"line":155,"column":34},"end":{"line":155,"column":63}},{"start":{"line":155,"column":63},"end":{"line":155,"column":null}}],"line":155},"23":{"loc":{"start":{"line":156,"column":26},"end":{"line":156,"column":null}},"type":"binary-expr","locations":[{"start":{"line":156,"column":26},"end":{"line":156,"column":56}},{"start":{"line":156,"column":56},"end":{"line":156,"column":80}},{"start":{"line":156,"column":80},"end":{"line":156,"column":null}}],"line":156},"24":{"loc":{"start":{"line":161,"column":6},"end":{"line":169,"column":null}},"type":"if","locations":[{"start":{"line":161,"column":6},"end":{"line":169,"column":null}},{"start":{"line":167,"column":13},"end":{"line":169,"column":null}}],"line":161},"25":{"loc":{"start":{"line":162,"column":28},"end":{"line":162,"column":null}},"type":"binary-expr","locations":[{"start":{"line":162,"column":28},"end":{"line":162,"column":60}},{"start":{"line":162,"column":60},"end":{"line":162,"column":null}}],"line":162},"26":{"loc":{"start":{"line":165,"column":19},"end":{"line":165,"column":null}},"type":"cond-expr","locations":[{"start":{"line":165,"column":33},"end":{"line":165,"column":90}},{"start":{"line":165,"column":90},"end":{"line":165,"column":null}}],"line":165},"27":{"loc":{"start":{"line":178,"column":6},"end":{"line":186,"column":null}},"type":"if","locations":[{"start":{"line":178,"column":6},"end":{"line":186,"column":null}},{"start":{"line":184,"column":13},"end":{"line":186,"column":null}}],"line":178},"28":{"loc":{"start":{"line":179,"column":28},"end":{"line":179,"column":null}},"type":"binary-expr","locations":[{"start":{"line":179,"column":28},"end":{"line":179,"column":60}},{"start":{"line":179,"column":60},"end":{"line":179,"column":null}}],"line":179},"29":{"loc":{"start":{"line":182,"column":19},"end":{"line":182,"column":null}},"type":"cond-expr","locations":[{"start":{"line":182,"column":33},"end":{"line":182,"column":76}},{"start":{"line":182,"column":76},"end":{"line":182,"column":null}}],"line":182}},"s":{"0":34,"1":34,"2":34,"3":34,"4":34,"5":34,"6":2,"7":1,"8":2,"9":34,"10":1,"11":34,"12":4,"13":4,"14":4,"15":4,"16":4,"17":2,"18":1,"19":1,"20":2,"21":34,"22":4,"23":4,"24":4,"25":4,"26":3,"27":3,"28":4,"29":3,"30":1,"31":1,"32":1,"33":1,"34":1,"35":0,"36":0,"37":1,"38":34,"39":3,"40":3,"41":2,"42":1,"43":1,"44":0,"45":1,"46":2,"47":34,"48":11,"49":11,"50":11,"51":10,"52":10,"53":5,"54":4,"55":4,"56":0,"57":1,"58":5,"59":34,"60":3,"61":3,"62":2,"63":1,"64":1,"65":0,"66":1,"67":2,"68":34,"69":4,"70":4,"71":1,"72":4,"73":4,"74":2,"75":1,"76":1,"77":0,"78":1,"79":2,"80":34,"81":3,"82":3,"83":2,"84":1,"85":1,"86":0,"87":1,"88":2,"89":34},"f":{"0":34,"1":2,"2":1,"3":1,"4":4,"5":4,"6":4,"7":0,"8":3,"9":0,"10":11,"11":11,"12":0,"13":3,"14":0,"15":4,"16":1,"17":0,"18":3,"19":0},"b":{"0":[1,3],"1":[1,0,0],"2":[1,0,0],"3":[1,1],"4":[3,1],"5":[3,1],"6":[1,2],"7":[1,0],"8":[1,0],"9":[1,0],"10":[0,0],"11":[1,1],"12":[1,0],"13":[0,0],"14":[10,1],"15":[4,1],"16":[4,2],"17":[0,1],"18":[1,1],"19":[1,1],"20":[0,0],"21":[1,3],"22":[1,0,0],"23":[1,0,0],"24":[1,1],"25":[1,0],"26":[0,0],"27":[1,1],"28":[1,0],"29":[0,0]},"meta":{"lastBranch":30,"lastFunction":20,"lastStatement":90,"seen":{"f:13:16:13:36":0,"s:14:8:14:Infinity":0,"s:15:8:15:Infinity":1,"s:16:8:16:Infinity":2,"s:17:35:17:Infinity":3,"s:18:8:18:Infinity":4,"s:20:29:28:Infinity":5,"f:20:29:20:30":1,"s:22:24:24:Infinity":6,"f:22:66:22:67":2,"s:23:6:23:Infinity":7,"s:27:4:27:Infinity":8,"s:30:24:32:Infinity":9,"f:30:24:30:31":3,"s:31:4:31:Infinity":10,"s:34:23:55:Infinity":11,"f:34:23:34:30":4,"s:35:4:54:Infinity":12,"s:37:21:37:Infinity":13,"f:37:44:37:45":5,"s:37:51:37:68":14,"s:38:27:43:Infinity":15,"b:38:44:43:10:43:10:43:Infinity":0,"b:39:16:39:34:39:34:39:63:39:63:39:Infinity":1,"b:41:26:41:56:41:56:41:80:41:80:41:Infinity":2,"s:45:6:45:Infinity":16,"b:47:6:52:Infinity:50:13:52:Infinity":3,"s:47:6:52:Infinity":17,"s:49:8:49:Infinity":18,"s:51:8:51:Infinity":19,"s:53:6:53:Infinity":20,"s:57:20:93:Infinity":21,"f:57:20:57:27":6,"s:58:4:92:Infinity":22,"s:60:22:60:Infinity":23,"s:61:34:61:Infinity":24,"b:63:6:66:Infinity:undefined:undefined:undefined:undefined":4,"s:63:6:66:Infinity":25,"s:64:25:64:Infinity":26,"s:65:8:65:Infinity":27,"b:65:22:65:42:65:42:65:Infinity":5,"s:69:25:69:Infinity":28,"b:72:6:74:Infinity:undefined:undefined:undefined:undefined":6,"s:72:6:74:Infinity":29,"s:73:8:73:Infinity":30,"s:76:6:80:Infinity":31,"b:77:40:77:56:77:56:77:Infinity":7,"b:81:6:90:Infinity:88:13:90:Infinity":8,"s:81:6:90:Infinity":32,"s:83:28:83:Infinity":33,"b:83:28:83:60:83:60:83:Infinity":9,"s:84:8:87:Infinity":34,"b:86:33:86:62:86:62:86:Infinity":10,"f:86:33:86:39":7,"s:86:39:86:62":35,"s:89:8:89:Infinity":36,"s:91:6:91:Infinity":37,"s:95:23:110:Infinity":38,"f:95:23:95:30":8,"s:96:4:109:Infinity":39,"s:97:6:97:Infinity":40,"b:99:6:107:Infinity:105:13:107:Infinity":11,"s:99:6:107:Infinity":41,"s:100:28:100:Infinity":42,"b:100:28:100:60:100:60:100:Infinity":12,"s:101:8:104:Infinity":43,"b:103:33:103:79:103:79:103:Infinity":13,"f:103:33:103:39":9,"s:103:39:103:79":44,"s:106:8:106:Infinity":45,"s:108:6:108:Infinity":46,"s:112:23:130:Infinity":47,"f:112:23:112:30":10,"s:113:19:113:Infinity":48,"f:113:42:113:43":11,"s:113:49:113:66":49,"b:114:4:129:Infinity:undefined:undefined:undefined:undefined":14,"s:114:4:129:Infinity":50,"s:115:6:128:Infinity":51,"s:116:8:116:Infinity":52,"b:118:8:126:Infinity:124:15:126:Infinity":15,"s:118:8:126:Infinity":53,"s:119:30:119:Infinity":54,"b:119:30:119:62:119:62:119:Infinity":16,"s:120:10:123:Infinity":55,"b:122:35:122:84:122:84:122:Infinity":17,"f:122:35:122:41":12,"s:122:41:122:84":56,"s:125:10:125:Infinity":57,"s:127:8:127:Infinity":58,"s:133:29:148:Infinity":59,"f:133:29:133:36":13,"s:134:4:147:Infinity":60,"s:135:6:135:Infinity":61,"b:137:6:145:Infinity:143:13:145:Infinity":18,"s:137:6:145:Infinity":62,"s:138:28:138:Infinity":63,"b:138:28:138:60:138:60:138:Infinity":19,"s:139:8:142:Infinity":64,"b:141:33:141:90:141:90:141:Infinity":20,"f:141:33:141:39":14,"s:141:39:141:90":65,"s:144:8:144:Infinity":66,"s:146:6:146:Infinity":67,"s:150:23:172:Infinity":68,"f:150:23:150:30":15,"s:151:4:171:Infinity":69,"s:153:21:153:Infinity":70,"f:153:44:153:45":16,"s:153:51:153:68":71,"s:154:27:157:Infinity":72,"b:154:44:157:10:157:10:157:Infinity":21,"b:155:16:155:34:155:34:155:63:155:63:155:Infinity":22,"b:156:26:156:56:156:56:156:80:156:80:156:Infinity":23,"s:159:6:159:Infinity":73,"b:161:6:169:Infinity:167:13:169:Infinity":24,"s:161:6:169:Infinity":74,"s:162:28:162:Infinity":75,"b:162:28:162:60:162:60:162:Infinity":25,"s:163:8:166:Infinity":76,"b:165:33:165:90:165:90:165:Infinity":26,"f:165:33:165:39":17,"s:165:39:165:90":77,"s:168:8:168:Infinity":78,"s:170:6:170:Infinity":79,"s:174:28:189:Infinity":80,"f:174:28:174:35":18,"s:175:4:188:Infinity":81,"s:176:6:176:Infinity":82,"b:178:6:186:Infinity:184:13:186:Infinity":27,"s:178:6:186:Infinity":83,"s:179:28:179:Infinity":84,"b:179:28:179:60:179:60:179:Infinity":28,"s:180:8:183:Infinity":85,"b:182:33:182:76:182:76:182:Infinity":29,"f:182:33:182:39":19,"s:182:39:182:76":86,"s:185:8:185:Infinity":87,"s:187:6:187:Infinity":88,"s:191:2:201:Infinity":89}}}
,"C:\\Users\\Developer\\Documents\\projekty\\diplomova-prace\\quasar-club-system\\src\\services\\listenerRegistry.ts": {"path":"C:\\Users\\Developer\\Documents\\projekty\\diplomova-prace\\quasar-club-system\\src\\services\\listenerRegistry.ts","statementMap":{"0":{"start":{"line":4,"column":6},"end":{"line":4,"column":null}},"1":{"start":{"line":40,"column":57},"end":{"line":40,"column":null}},"2":{"start":{"line":54,"column":4},"end":{"line":57,"column":null}},"3":{"start":{"line":55,"column":6},"end":{"line":55,"column":null}},"4":{"start":{"line":56,"column":6},"end":{"line":56,"column":null}},"5":{"start":{"line":59,"column":4},"end":{"line":64,"column":null}},"6":{"start":{"line":66,"column":4},"end":{"line":66,"column":null}},"7":{"start":{"line":75,"column":21},"end":{"line":75,"column":null}},"8":{"start":{"line":76,"column":4},"end":{"line":78,"column":null}},"9":{"start":{"line":77,"column":6},"end":{"line":77,"column":null}},"10":{"start":{"line":80,"column":4},"end":{"line":84,"column":null}},"11":{"start":{"line":81,"column":6},"end":{"line":81,"column":null}},"12":{"start":{"line":83,"column":6},"end":{"line":83,"column":null}},"13":{"start":{"line":86,"column":4},"end":{"line":86,"column":null}},"14":{"start":{"line":87,"column":4},"end":{"line":87,"column":null}},"15":{"start":{"line":88,"column":4},"end":{"line":88,"column":null}},"16":{"start":{"line":95,"column":4},"end":{"line":95,"column":null}},"17":{"start":{"line":96,"column":16},"end":{"line":96,"column":null}},"18":{"start":{"line":97,"column":4},"end":{"line":97,"column":null}},"19":{"start":{"line":97,"column":22},"end":{"line":97,"column":41}},"20":{"start":{"line":108,"column":40},"end":{"line":116,"column":null}},"21":{"start":{"line":118,"column":40},"end":{"line":118,"column":null}},"22":{"start":{"line":120,"column":28},"end":{"line":120,"column":null}},"23":{"start":{"line":122,"column":4},"end":{"line":122,"column":null}},"24":{"start":{"line":123,"column":4},"end":{"line":127,"column":null}},"25":{"start":{"line":124,"column":6},"end":{"line":126,"column":null}},"26":{"start":{"line":125,"column":8},"end":{"line":125,"column":null}},"27":{"start":{"line":136,"column":4},"end":{"line":136,"column":null}},"28":{"start":{"line":144,"column":4},"end":{"line":144,"column":null}},"29":{"start":{"line":152,"column":16},"end":{"line":152,"column":null}},"30":{"start":{"line":153,"column":4},"end":{"line":157,"column":null}},"31":{"start":{"line":153,"column":64},"end":{"line":157,"column":6}},"32":{"start":{"line":165,"column":4},"end":{"line":165,"column":null}},"33":{"start":{"line":172,"column":32},"end":{"line":172,"column":null}},"34":{"start":{"line":175,"column":0},"end":{"line":181,"column":null}},"35":{"start":{"line":176,"column":3},"end":{"line":180,"column":null}},"36":{"start":{"line":177,"column":21},"end":{"line":177,"column":null}},"37":{"start":{"line":178,"column":24},"end":{"line":178,"column":null}},"38":{"start":{"line":179,"column":20},"end":{"line":179,"column":null}}},"fnMap":{"0":{"name":"(anonymous_0)","decl":{"start":{"line":48,"column":2},"end":{"line":48,"column":null}},"loc":{"start":{"line":52,"column":10},"end":{"line":67,"column":null}},"line":52},"1":{"name":"(anonymous_1)","decl":{"start":{"line":74,"column":2},"end":{"line":74,"column":13}},"loc":{"start":{"line":74,"column":38},"end":{"line":89,"column":null}},"line":74},"2":{"name":"(anonymous_2)","decl":{"start":{"line":94,"column":2},"end":{"line":94,"column":24}},"loc":{"start":{"line":94,"column":24},"end":{"line":98,"column":null}},"line":94},"3":{"name":"(anonymous_3)","decl":{"start":{"line":97,"column":16},"end":{"line":97,"column":22}},"loc":{"start":{"line":97,"column":22},"end":{"line":97,"column":41}},"line":97},"4":{"name":"(anonymous_4)","decl":{"start":{"line":107,"column":2},"end":{"line":107,"column":20}},"loc":{"start":{"line":107,"column":50},"end":{"line":128,"column":null}},"line":107},"5":{"name":"(anonymous_5)","decl":{"start":{"line":123,"column":28},"end":{"line":123,"column":34}},"loc":{"start":{"line":123,"column":34},"end":{"line":127,"column":5}},"line":123},"6":{"name":"(anonymous_6)","decl":{"start":{"line":135,"column":2},"end":{"line":135,"column":11}},"loc":{"start":{"line":135,"column":36},"end":{"line":137,"column":null}},"line":135},"7":{"name":"(anonymous_7)","decl":{"start":{"line":143,"column":2},"end":{"line":143,"column":37}},"loc":{"start":{"line":143,"column":37},"end":{"line":145,"column":null}},"line":143},"8":{"name":"(anonymous_8)","decl":{"start":{"line":151,"column":2},"end":{"line":151,"column":98}},"loc":{"start":{"line":151,"column":98},"end":{"line":158,"column":null}},"line":151},"9":{"name":"(anonymous_9)","decl":{"start":{"line":153,"column":51},"end":{"line":153,"column":64}},"loc":{"start":{"line":153,"column":64},"end":{"line":157,"column":6}},"line":153},"10":{"name":"(anonymous_10)","decl":{"start":{"line":164,"column":2},"end":{"line":164,"column":21}},"loc":{"start":{"line":164,"column":21},"end":{"line":166,"column":null}},"line":164},"11":{"name":"(anonymous_11)","decl":{"start":{"line":177,"column":15},"end":{"line":177,"column":21}},"loc":{"start":{"line":177,"column":21},"end":{"line":177,"column":null}},"line":177},"12":{"name":"(anonymous_12)","decl":{"start":{"line":178,"column":18},"end":{"line":178,"column":24}},"loc":{"start":{"line":178,"column":24},"end":{"line":178,"column":null}},"line":178},"13":{"name":"(anonymous_13)","decl":{"start":{"line":179,"column":14},"end":{"line":179,"column":20}},"loc":{"start":{"line":179,"column":20},"end":{"line":179,"column":null}},"line":179}},"branchMap":{"0":{"loc":{"start":{"line":51,"column":4},"end":{"line":51,"column":null}},"type":"default-arg","locations":[{"start":{"line":51,"column":39},"end":{"line":51,"column":null}}],"line":51},"1":{"loc":{"start":{"line":54,"column":4},"end":{"line":57,"column":null}},"type":"if","locations":[{"start":{"line":54,"column":4},"end":{"line":57,"column":null}},{"start":{},"end":{}}],"line":54},"2":{"loc":{"start":{"line":76,"column":4},"end":{"line":78,"column":null}},"type":"if","locations":[{"start":{"line":76,"column":4},"end":{"line":78,"column":null}},{"start":{},"end":{}}],"line":76},"3":{"loc":{"start":{"line":83,"column":61},"end":{"line":83,"column":116}},"type":"cond-expr","locations":[{"start":{"line":83,"column":86},"end":{"line":83,"column":102}},{"start":{"line":83,"column":102},"end":{"line":83,"column":116}}],"line":83},"4":{"loc":{"start":{"line":120,"column":28},"end":{"line":120,"column":null}},"type":"cond-expr","locations":[{"start":{"line":120,"column":47},"end":{"line":120,"column":63}},{"start":{"line":120,"column":63},"end":{"line":120,"column":null}}],"line":120},"5":{"loc":{"start":{"line":124,"column":6},"end":{"line":126,"column":null}},"type":"if","locations":[{"start":{"line":124,"column":6},"end":{"line":126,"column":null}},{"start":{},"end":{}}],"line":124},"6":{"loc":{"start":{"line":175,"column":0},"end":{"line":181,"column":null}},"type":"if","locations":[{"start":{"line":175,"column":0},"end":{"line":181,"column":null}},{"start":{},"end":{}}],"line":175}},"s":{"0":1,"1":33,"2":50,"3":1,"4":1,"5":50,"6":50,"7":31,"8":31,"9":2,"10":29,"11":29,"12":1,"13":29,"14":29,"15":29,"16":4,"17":4,"18":4,"19":7,"20":5,"21":5,"22":5,"23":5,"24":5,"25":20,"26":12,"27":32,"28":3,"29":5,"30":5,"31":5,"32":13,"33":1,"34":1,"35":1,"36":0,"37":0,"38":0},"f":{"0":50,"1":31,"2":4,"3":7,"4":5,"5":20,"6":32,"7":3,"8":5,"9":5,"10":13,"11":0,"12":0,"13":0},"b":{"0":[50],"1":[1,49],"2":[2,29],"3":[1,0],"4":[2,3],"5":[12,8],"6":[1,0]},"meta":{"lastBranch":7,"lastFunction":14,"lastStatement":39,"seen":{"s:4:6:4:Infinity":0,"s:40:57:40:Infinity":1,"f:48:2:48:Infinity":0,"b:51:39:51:Infinity":0,"b:54:4:57:Infinity:undefined:undefined:undefined:undefined":1,"s:54:4:57:Infinity":2,"s:55:6:55:Infinity":3,"s:56:6:56:Infinity":4,"s:59:4:64:Infinity":5,"s:66:4:66:Infinity":6,"f:74:2:74:13":1,"s:75:21:75:Infinity":7,"b:76:4:78:Infinity:undefined:undefined:undefined:undefined":2,"s:76:4:78:Infinity":8,"s:77:6:77:Infinity":9,"s:80:4:84:Infinity":10,"s:81:6:81:Infinity":11,"s:83:6:83:Infinity":12,"b:83:86:83:102:83:102:83:116":3,"s:86:4:86:Infinity":13,"s:87:4:87:Infinity":14,"s:88:4:88:Infinity":15,"f:94:2:94:24":2,"s:95:4:95:Infinity":16,"s:96:16:96:Infinity":17,"s:97:4:97:Infinity":18,"f:97:16:97:22":3,"s:97:22:97:41":19,"f:107:2:107:20":4,"s:108:40:116:Infinity":20,"s:118:40:118:Infinity":21,"s:120:28:120:Infinity":22,"b:120:47:120:63:120:63:120:Infinity":4,"s:122:4:122:Infinity":23,"s:123:4:127:Infinity":24,"f:123:28:123:34":5,"b:124:6:126:Infinity:undefined:undefined:undefined:undefined":5,"s:124:6:126:Infinity":25,"s:125:8:125:Infinity":26,"f:135:2:135:11":6,"s:136:4:136:Infinity":27,"f:143:2:143:37":7,"s:144:4:144:Infinity":28,"f:151:2:151:98":8,"s:152:16:152:Infinity":29,"s:153:4:157:Infinity":30,"f:153:51:153:64":9,"s:153:64:157:6":31,"f:164:2:164:21":10,"s:165:4:165:Infinity":32,"s:172:32:172:Infinity":33,"b:175:0:181:Infinity:undefined:undefined:undefined:undefined":6,"s:175:0:181:Infinity":34,"s:176:3:180:Infinity":35,"f:177:15:177:21":11,"s:177:21:177:Infinity":36,"f:178:18:178:24":12,"s:178:24:178:Infinity":37,"f:179:14:179:20":13,"s:179:20:179:Infinity":38}}}
}
