{"total": {"lines":{"total":555,"covered":495,"skipped":0,"pct":89.18},"statements":{"total":591,"covered":530,"skipped":0,"pct":89.67},"functions":{"total":169,"covered":140,"skipped":0,"pct":82.84},"branches":{"total":325,"covered":252,"skipped":0,"pct":77.53},"branchesTrue":{"total":0,"covered":0,"skipped":0,"pct":100}}
,"C:\\Users\\Developer\\Documents\\projekty\\diplomova-prace\\quasar-club-system\\src\\composable\\useAuthUseCases.ts": {"lines":{"total":88,"covered":81,"skipped":0,"pct":92.04},"functions":{"total":14,"covered":13,"skipped":0,"pct":92.85},"statements":{"total":88,"covered":81,"skipped":0,"pct":92.04},"branches":{"total":30,"covered":20,"skipped":0,"pct":66.66}}
,"C:\\Users\\Developer\\Documents\\projekty\\diplomova-prace\\quasar-club-system\\src\\composable\\useCashboxUseCases.ts": {"lines":{"total":146,"covered":122,"skipped":0,"pct":83.56},"functions":{"total":40,"covered":33,"skipped":0,"pct":82.5},"statements":{"total":157,"covered":133,"skipped":0,"pct":84.71},"branches":{"total":72,"covered":47,"skipped":0,"pct":65.27}}
,"C:\\Users\\Developer\\Documents\\projekty\\diplomova-prace\\quasar-club-system\\src\\composable\\useDateHelpers.ts": {"lines":{"total":47,"covered":43,"skipped":0,"pct":91.48},"functions":{"total":13,"covered":12,"skipped":0,"pct":92.3},"statements":{"total":49,"covered":45,"skipped":0,"pct":91.83},"branches":{"total":19,"covered":16,"skipped":0,"pct":84.21}}
,"C:\\Users\\Developer\\Documents\\projekty\\diplomova-prace\\quasar-club-system\\src\\composable\\useFormValidation.ts": {"lines":{"total":105,"covered":96,"skipped":0,"pct":91.42},"functions":{"total":53,"covered":43,"skipped":0,"pct":81.13},"statements":{"total":122,"covered":112,"skipped":0,"pct":91.8},"branches":{"total":100,"covered":98,"skipped":0,"pct":98}}
,"C:\\Users\\Developer\\Documents\\projekty\\diplomova-prace\\quasar-club-system\\src\\composable\\useSurveyFilters.ts": {"lines":{"total":45,"covered":39,"skipped":0,"pct":86.66},"functions":{"total":15,"covered":14,"skipped":0,"pct":93.33},"statements":{"total":46,"covered":40,"skipped":0,"pct":86.95},"branches":{"total":27,"covered":21,"skipped":0,"pct":77.77}}
,"C:\\Users\\Developer\\Documents\\projekty\\diplomova-prace\\quasar-club-system\\src\\composable\\useSurveyUseCases.ts": {"lines":{"total":87,"covered":80,"skipped":0,"pct":91.95},"functions":{"total":20,"covered":14,"skipped":0,"pct":70},"statements":{"total":90,"covered":83,"skipped":0,"pct":92.22},"branches":{"total":64,"covered":39,"skipped":0,"pct":60.93}}
,"C:\\Users\\Developer\\Documents\\projekty\\diplomova-prace\\quasar-club-system\\src\\services\\listenerRegistry.ts": {"lines":{"total":37,"covered":34,"skipped":0,"pct":91.89},"functions":{"total":14,"covered":11,"skipped":0,"pct":78.57},"statements":{"total":39,"covered":36,"skipped":0,"pct":92.3},"branches":{"total":13,"covered":11,"skipped":0,"pct":84.61}}
}
