TN:
SF:src\composable\useAuthUseCases.ts
FN:13,useAuthUseCases
FN:29,(anonymous_1)
FN:45,(anonymous_2)
FN:65,(anonymous_3)
FN:89,(anonymous_4)
FN:102,(anonymous_5)
FN:113,(anonymous_6)
FN:126,(anonymous_7)
FN:137,(anonymous_8)
FN:148,(anonymous_9)
FN:157,(anonymous_10)
FN:166,(anonymous_11)
FN:175,(anonymous_12)
FN:179,(anonymous_13)
FNF:14
FNH:13
FNDA:31,useAuthUseCases
FNDA:9,(anonymous_1)
FNDA:3,(anonymous_2)
FNDA:0,(anonymous_3)
FNDA:7,(anonymous_4)
FNDA:1,(anonymous_5)
FNDA:5,(anonymous_6)
FNDA:1,(anonymous_7)
FNDA:5,(anonymous_8)
FNDA:1,(anonymous_9)
FNDA:6,(anonymous_10)
FNDA:1,(anonymous_11)
FNDA:2,(anonymous_12)
FNDA:1,(anonymous_13)
DA:14,31
DA:15,31
DA:16,31
DA:17,31
DA:18,31
DA:29,31
DA:31,9
DA:33,9
DA:34,3
DA:37,3
DA:38,3
DA:42,9
DA:45,9
DA:46,3
DA:47,1
DA:50,1
DA:51,1
DA:53,1
DA:54,1
DA:55,1
DA:57,0
DA:61,0
DA:62,0
DA:63,0
DA:66,0
DA:67,0
DA:71,0
DA:75,2
DA:76,2
DA:77,2
DA:78,2
DA:81,2
DA:86,9
DA:89,31
DA:90,7
DA:91,7
DA:92,7
DA:93,3
DA:94,3
DA:96,4
DA:97,4
DA:99,3
DA:100,3
DA:102,1
DA:105,1
DA:107,4
DA:109,7
DA:113,31
DA:114,5
DA:115,5
DA:116,5
DA:117,2
DA:118,2
DA:120,3
DA:121,3
DA:123,2
DA:124,2
DA:126,1
DA:129,1
DA:131,3
DA:133,5
DA:137,31
DA:138,5
DA:139,5
DA:140,2
DA:141,2
DA:143,3
DA:144,3
DA:145,2
DA:146,2
DA:148,1
DA:151,1
DA:153,3
DA:157,31
DA:158,6
DA:159,6
DA:160,2
DA:162,4
DA:163,3
DA:164,3
DA:166,1
DA:169,1
DA:171,4
DA:175,31
DA:176,2
DA:179,31
DA:180,1
DA:183,31
LF:88
LH:81
BRDA:33,0,0,3
BRDA:33,0,1,6
BRDA:46,1,0,1
BRDA:46,1,1,2
BRDA:58,2,0,0
BRDA:58,2,1,0
BRDA:61,3,0,0
BRDA:61,3,1,0
BRDA:62,4,0,0
BRDA:62,4,1,0
BRDA:65,5,0,0
BRDA:65,5,1,0
BRDA:97,6,0,3
BRDA:97,6,1,1
BRDA:102,7,0,1
BRDA:102,7,1,1
BRDA:121,8,0,2
BRDA:121,8,1,1
BRDA:126,9,0,1
BRDA:126,9,1,1
BRDA:143,10,0,3
BRDA:143,10,1,0
BRDA:144,11,0,2
BRDA:144,11,1,1
BRDA:148,12,0,1
BRDA:148,12,1,0
BRDA:162,13,0,3
BRDA:162,13,1,1
BRDA:166,14,0,1
BRDA:166,14,1,1
BRF:30
BRH:20
end_of_record
TN:
SF:src\composable\useCashboxUseCases.ts
FN:9,useCashboxUseCases
FN:17,(anonymous_1)
FN:21,(anonymous_2)
FN:25,(anonymous_3)
FN:33,(anonymous_4)
FN:41,(anonymous_5)
FN:50,(anonymous_6)
FN:58,(anonymous_7)
FN:67,(anonymous_8)
FN:85,(anonymous_9)
FN:112,(anonymous_10)
FN:121,(anonymous_11)
FN:146,(anonymous_12)
FN:167,(anonymous_13)
FN:192,(anonymous_14)
FN:204,(anonymous_15)
FN:211,(anonymous_16)
FN:212,(anonymous_17)
FN:260,(anonymous_18)
FN:278,(anonymous_19)
FN:284,(anonymous_20)
FN:285,(anonymous_21)
FN:287,(anonymous_22)
FN:288,(anonymous_23)
FN:299,(anonymous_24)
FN:306,(anonymous_25)
FN:307,(anonymous_26)
FN:310,(anonymous_27)
FN:311,(anonymous_28)
FN:312,(anonymous_29)
FN:316,(anonymous_30)
FN:317,(anonymous_31)
FN:325,(anonymous_32)
FN:326,(anonymous_33)
FN:328,(anonymous_34)
FN:329,(anonymous_35)
FN:352,(anonymous_36)
FN:372,(anonymous_37)
FN:379,(anonymous_38)
FN:427,(anonymous_39)
FNF:40
FNH:33
FNDA:62,useCashboxUseCases
FNDA:1,(anonymous_1)
FNDA:1,(anonymous_2)
FNDA:1,(anonymous_3)
FNDA:3,(anonymous_4)
FNDA:0,(anonymous_5)
FNDA:3,(anonymous_6)
FNDA:0,(anonymous_7)
FNDA:3,(anonymous_8)
FNDA:4,(anonymous_9)
FNDA:0,(anonymous_10)
FNDA:4,(anonymous_11)
FNDA:4,(anonymous_12)
FNDA:0,(anonymous_13)
FNDA:23,(anonymous_14)
FNDA:24,(anonymous_15)
FNDA:5,(anonymous_16)
FNDA:31,(anonymous_17)
FNDA:3,(anonymous_18)
FNDA:10,(anonymous_19)
FNDA:16,(anonymous_20)
FNDA:11,(anonymous_21)
FNDA:8,(anonymous_22)
FNDA:6,(anonymous_23)
FNDA:3,(anonymous_24)
FNDA:5,(anonymous_25)
FNDA:5,(anonymous_26)
FNDA:4,(anonymous_27)
FNDA:5,(anonymous_28)
FNDA:4,(anonymous_29)
FNDA:5,(anonymous_30)
FNDA:4,(anonymous_31)
FNDA:9,(anonymous_32)
FNDA:5,(anonymous_33)
FNDA:7,(anonymous_34)
FNDA:4,(anonymous_35)
FNDA:0,(anonymous_36)
FNDA:0,(anonymous_37)
FNDA:0,(anonymous_38)
FNDA:1,(anonymous_39)
DA:10,62
DA:11,62
DA:17,62
DA:18,1
DA:21,62
DA:22,1
DA:25,62
DA:26,1
DA:33,62
DA:34,3
DA:35,3
DA:37,2
DA:38,1
DA:39,1
DA:41,0
DA:44,1
DA:46,2
DA:50,62
DA:51,3
DA:52,3
DA:54,2
DA:55,1
DA:56,1
DA:58,0
DA:61,1
DA:63,2
DA:67,62
DA:68,3
DA:69,3
DA:71,2
DA:73,1
DA:75,1
DA:77,2
DA:85,62
DA:92,4
DA:100,4
DA:101,4
DA:106,4
DA:108,2
DA:109,1
DA:110,1
DA:112,0
DA:115,1
DA:117,2
DA:121,62
DA:122,4
DA:123,4
DA:130,4
DA:132,1
DA:134,1
DA:136,0
DA:138,1
DA:146,62
DA:153,4
DA:160,4
DA:161,4
DA:163,2
DA:164,1
DA:165,1
DA:167,0
DA:170,1
DA:172,2
DA:192,62
DA:203,23
DA:204,24
DA:206,23
DA:208,21
DA:210,21
DA:211,29
DA:212,31
DA:214,29
DA:216,33
DA:218,32
DA:220,32
DA:223,18
DA:224,18
DA:228,5
DA:229,5
DA:233,9
DA:234,9
DA:237,32
DA:238,19
DA:253,21
DA:254,14
DA:257,21
DA:260,62
DA:261,3
DA:262,3
DA:264,2
DA:266,1
DA:268,1
DA:270,2
DA:278,62
DA:284,16
DA:285,11
DA:287,10
DA:288,10
DA:290,10
DA:299,62
DA:305,3
DA:306,5
DA:307,5
DA:310,62
DA:311,5
DA:312,4
DA:315,4
DA:316,5
DA:317,4
DA:320,4
DA:321,4
DA:323,4
DA:324,5
DA:325,9
DA:326,5
DA:327,5
DA:328,7
DA:329,4
DA:330,5
DA:332,5
DA:333,2
DA:334,3
DA:335,1
DA:339,4
DA:352,62
DA:363,0
DA:364,0
DA:367,0
DA:372,0
DA:379,0
DA:388,0
DA:391,0
DA:392,0
DA:395,0
DA:396,0
DA:398,0
DA:399,0
DA:400,0
DA:408,0
DA:409,0
DA:419,0
DA:420,0
DA:422,0
DA:423,0
DA:427,62
DA:428,1
DA:431,62
LF:146
LH:122
BRDA:37,0,0,1
BRDA:37,0,1,1
BRDA:38,1,0,1
BRDA:38,1,1,0
BRDA:41,2,0,0
BRDA:41,2,1,0
BRDA:54,3,0,1
BRDA:54,3,1,1
BRDA:55,4,0,1
BRDA:55,4,1,0
BRDA:58,5,0,0
BRDA:58,5,1,0
BRDA:71,6,0,1
BRDA:71,6,1,1
BRDA:101,7,0,3
BRDA:101,7,1,1
BRDA:103,8,0,3
BRDA:103,8,1,0
BRDA:103,8,2,0
BRDA:108,9,0,1
BRDA:108,9,1,1
BRDA:109,10,0,1
BRDA:109,10,1,0
BRDA:112,11,0,0
BRDA:112,11,1,0
BRDA:123,12,0,1
BRDA:123,12,1,3
BRDA:123,13,0,4
BRDA:123,13,1,3
BRDA:125,14,0,1
BRDA:125,14,1,0
BRDA:125,14,2,0
BRDA:132,15,0,1
BRDA:132,15,1,0
BRDA:158,16,0,4
BRDA:158,16,1,1
BRDA:163,17,0,1
BRDA:163,17,1,1
BRDA:164,18,0,1
BRDA:164,18,1,0
BRDA:167,19,0,0
BRDA:167,19,1,0
BRDA:206,20,0,2
BRDA:206,20,1,21
BRDA:216,21,0,1
BRDA:216,21,1,32
BRDA:216,22,0,33
BRDA:216,22,1,2
BRDA:220,23,0,32
BRDA:220,23,1,5
BRDA:220,23,2,9
BRDA:228,24,0,5
BRDA:228,24,1,4
BRDA:228,24,2,3
BRDA:237,25,0,19
BRDA:237,25,1,13
BRDA:253,26,0,14
BRDA:253,26,1,7
BRDA:264,27,0,1
BRDA:264,27,1,1
BRDA:332,28,0,2
BRDA:332,28,1,3
BRDA:334,29,0,1
BRDA:334,29,1,2
BRDA:399,30,0,0
BRDA:399,30,1,0
BRDA:408,31,0,0
BRDA:408,31,1,0
BRDA:419,32,0,0
BRDA:419,32,1,0
BRDA:422,33,0,0
BRDA:422,33,1,0
BRF:72
BRH:47
end_of_record
TN:
SF:src\composable\useDateHelpers.ts
FN:11,useDateHelpers
FN:17,(anonymous_1)
FN:22,(anonymous_2)
FN:27,(anonymous_3)
FN:32,(anonymous_4)
FN:38,(anonymous_5)
FN:48,(anonymous_6)
FN:55,(anonymous_7)
FN:63,(anonymous_8)
FN:64,(anonymous_9)
FN:127,(anonymous_10)
FN:137,(anonymous_11)
FN:164,(anonymous_12)
FNF:13
FNH:12
FNDA:19,useDateHelpers
FNDA:2,(anonymous_1)
FNDA:2,(anonymous_2)
FNDA:1,(anonymous_3)
FNDA:2,(anonymous_4)
FNDA:1,(anonymous_5)
FNDA:1,(anonymous_6)
FNDA:1,(anonymous_7)
FNDA:4,(anonymous_8)
FNDA:27,(anonymous_9)
FNDA:1,(anonymous_10)
FNDA:10,(anonymous_11)
FNDA:0,(anonymous_12)
DA:17,19
DA:18,2
DA:19,2
DA:22,19
DA:23,2
DA:24,2
DA:27,19
DA:28,1
DA:29,1
DA:32,19
DA:33,2
DA:34,2
DA:35,2
DA:38,19
DA:39,1
DA:40,1
DA:41,1
DA:42,1
DA:48,19
DA:49,1
DA:55,19
DA:56,1
DA:57,1
DA:63,19
DA:64,27
DA:66,4
DA:127,19
DA:128,1
DA:137,19
DA:138,10
DA:140,9
DA:142,9
DA:143,5
DA:144,5
DA:145,5
DA:148,4
DA:149,2
DA:150,2
DA:153,2
DA:154,2
DA:155,2
DA:158,0
DA:164,19
DA:165,0
DA:166,0
DA:168,0
DA:171,19
LF:47
LH:43
BRDA:11,0,0,19
BRDA:64,1,0,4
BRDA:64,1,1,27
BRDA:138,2,0,1
BRDA:138,2,1,9
BRDA:138,3,0,10
BRDA:138,3,1,3
BRDA:142,4,0,5
BRDA:142,4,1,4
BRDA:142,5,0,9
BRDA:142,5,1,7
BRDA:145,6,0,5
BRDA:145,6,1,4
BRDA:148,7,0,2
BRDA:148,7,1,2
BRDA:153,8,0,2
BRDA:153,8,1,0
BRDA:168,9,0,0
BRDA:168,9,1,0
BRF:19
BRH:16
end_of_record
TN:
SF:src\composable\useFormValidation.ts
FN:13,useFormValidation
FN:19,(anonymous_1)
FN:20,(anonymous_2)
FN:22,(anonymous_3)
FN:23,(anonymous_4)
FN:25,(anonymous_5)
FN:26,(anonymous_6)
FN:32,(anonymous_7)
FN:33,(anonymous_8)
FN:39,(anonymous_9)
FN:40,(anonymous_10)
FN:46,(anonymous_11)
FN:47,(anonymous_12)
FN:52,(anonymous_13)
FN:53,(anonymous_14)
FN:55,(anonymous_15)
FN:56,(anonymous_16)
FN:58,(anonymous_17)
FN:59,(anonymous_18)
FN:69,(anonymous_19)
FN:70,(anonymous_20)
FN:76,(anonymous_21)
FN:77,(anonymous_22)
FN:83,(anonymous_23)
FN:84,(anonymous_24)
FN:92,(anonymous_25)
FN:93,(anonymous_26)
FN:100,(anonymous_27)
FN:101,(anonymous_28)
FN:103,(anonymous_29)
FN:104,(anonymous_30)
FN:111,(anonymous_31)
FN:117,(anonymous_32)
FN:121,(anonymous_33)
FN:126,(anonymous_34)
FN:131,(anonymous_35)
FN:140,(anonymous_36)
FN:146,(anonymous_37)
FN:155,(anonymous_38)
FN:160,(anonymous_39)
FN:165,(anonymous_40)
FN:170,(anonymous_41)
FN:179,(anonymous_42)
FN:192,(anonymous_43)
FN:210,(anonymous_44)
FN:215,(anonymous_45)
FN:221,(anonymous_46)
FN:234,(anonymous_47)
FN:239,(anonymous_48)
FN:244,(anonymous_49)
FN:245,(anonymous_50)
FN:263,(anonymous_51)
FN:270,(anonymous_52)
FNF:53
FNH:43
FNDA:1,useFormValidation
FNDA:30,(anonymous_1)
FNDA:31,(anonymous_2)
FNDA:2,(anonymous_3)
FNDA:7,(anonymous_4)
FNDA:12,(anonymous_5)
FNDA:14,(anonymous_6)
FNDA:11,(anonymous_7)
FNDA:9,(anonymous_8)
FNDA:10,(anonymous_9)
FNDA:7,(anonymous_10)
FNDA:5,(anonymous_11)
FNDA:5,(anonymous_12)
FNDA:1,(anonymous_13)
FNDA:6,(anonymous_14)
FNDA:1,(anonymous_15)
FNDA:6,(anonymous_16)
FNDA:1,(anonymous_17)
FNDA:6,(anonymous_18)
FNDA:1,(anonymous_19)
FNDA:5,(anonymous_20)
FNDA:1,(anonymous_21)
FNDA:8,(anonymous_22)
FNDA:6,(anonymous_23)
FNDA:6,(anonymous_24)
FNDA:4,(anonymous_25)
FNDA:4,(anonymous_26)
FNDA:8,(anonymous_27)
FNDA:6,(anonymous_28)
FNDA:3,(anonymous_29)
FNDA:3,(anonymous_30)
FNDA:5,(anonymous_31)
FNDA:0,(anonymous_32)
FNDA:0,(anonymous_33)
FNDA:0,(anonymous_34)
FNDA:0,(anonymous_35)
FNDA:0,(anonymous_36)
FNDA:0,(anonymous_37)
FNDA:4,(anonymous_38)
FNDA:0,(anonymous_39)
FNDA:4,(anonymous_40)
FNDA:0,(anonymous_41)
FNDA:27,(anonymous_42)
FNDA:8,(anonymous_43)
FNDA:6,(anonymous_44)
FNDA:5,(anonymous_45)
FNDA:2,(anonymous_46)
FNDA:1,(anonymous_47)
FNDA:0,(anonymous_48)
FNDA:2,(anonymous_49)
FNDA:0,(anonymous_50)
FNDA:4,(anonymous_51)
FNDA:4,(anonymous_52)
DA:18,1
DA:20,31
DA:23,7
DA:26,12
DA:27,14
DA:28,12
DA:29,12
DA:33,11
DA:34,9
DA:35,7
DA:36,9
DA:40,10
DA:41,7
DA:42,6
DA:43,7
DA:47,5
DA:48,5
DA:49,3
DA:53,6
DA:56,6
DA:59,1
DA:60,6
DA:61,4
DA:62,4
DA:63,4
DA:65,2
DA:70,1
DA:71,5
DA:72,4
DA:73,4
DA:77,1
DA:78,8
DA:79,7
DA:80,7
DA:84,6
DA:85,6
DA:86,5
DA:87,5
DA:88,5
DA:89,5
DA:93,4
DA:94,4
DA:95,3
DA:96,3
DA:97,3
DA:101,8
DA:104,3
DA:110,1
DA:111,5
DA:117,0
DA:121,0
DA:126,0
DA:131,0
DA:139,1
DA:140,0
DA:146,0
DA:154,1
DA:155,4
DA:160,0
DA:165,4
DA:170,0
DA:179,1
DA:180,27
DA:181,39
DA:182,39
DA:183,17
DA:186,10
DA:192,1
DA:193,8
DA:194,8
DA:196,8
DA:197,11
DA:198,11
DA:199,7
DA:200,7
DA:204,8
DA:210,1
DA:211,6
DA:212,6
DA:213,6
DA:215,6
DA:216,5
DA:217,5
DA:218,5
DA:221,6
DA:222,2
DA:223,2
DA:224,2
DA:225,2
DA:226,1
DA:228,1
DA:230,2
DA:234,6
DA:235,1
DA:236,1
DA:239,6
DA:240,0
DA:244,6
DA:245,6
DA:247,6
DA:263,1
DA:264,4
DA:270,1
DA:271,4
DA:274,1
LF:105
LH:96
BRDA:19,0,0,30
BRDA:20,1,0,31
BRDA:20,1,1,16
BRDA:22,2,0,2
BRDA:23,3,0,7
BRDA:23,3,1,5
BRDA:23,3,2,4
BRDA:23,3,3,4
BRDA:25,4,0,12
BRDA:27,5,0,2
BRDA:27,5,1,12
BRDA:27,6,0,14
BRDA:27,6,1,12
BRDA:29,7,0,12
BRDA:29,7,1,6
BRDA:34,8,0,2
BRDA:34,8,1,7
BRDA:34,9,0,9
BRDA:34,9,1,7
BRDA:35,10,0,7
BRDA:35,10,1,3
BRDA:36,11,0,9
BRDA:36,11,1,3
BRDA:41,12,0,1
BRDA:41,12,1,6
BRDA:41,13,0,7
BRDA:41,13,1,6
BRDA:42,14,0,6
BRDA:42,14,1,3
BRDA:43,15,0,7
BRDA:43,15,1,3
BRDA:46,16,0,5
BRDA:48,17,0,2
BRDA:48,17,1,3
BRDA:48,18,0,5
BRDA:48,18,1,3
BRDA:49,19,0,3
BRDA:49,19,1,2
BRDA:52,20,0,1
BRDA:53,21,0,6
BRDA:53,21,1,4
BRDA:53,21,2,2
BRDA:55,22,0,1
BRDA:56,23,0,6
BRDA:56,23,1,4
BRDA:56,23,2,2
BRDA:58,24,0,1
BRDA:60,25,0,2
BRDA:60,25,1,4
BRDA:60,26,0,6
BRDA:60,26,1,4
BRDA:69,27,0,1
BRDA:71,28,0,1
BRDA:71,28,1,4
BRDA:71,29,0,5
BRDA:71,29,1,4
BRDA:73,30,0,4
BRDA:73,30,1,3
BRDA:76,31,0,1
BRDA:78,32,0,1
BRDA:78,32,1,7
BRDA:78,33,0,8
BRDA:78,33,1,7
BRDA:80,34,0,7
BRDA:80,34,1,3
BRDA:83,35,0,6
BRDA:85,36,0,1
BRDA:85,36,1,5
BRDA:85,37,0,6
BRDA:85,37,1,5
BRDA:89,38,0,5
BRDA:89,38,1,3
BRDA:92,39,0,4
BRDA:94,40,0,1
BRDA:94,40,1,3
BRDA:94,41,0,4
BRDA:94,41,1,3
BRDA:97,42,0,3
BRDA:97,42,1,1
BRDA:100,43,0,8
BRDA:101,44,0,6
BRDA:101,44,1,4
BRDA:104,45,0,3
BRDA:104,45,1,1
BRDA:182,46,0,17
BRDA:182,46,1,22
BRDA:183,47,0,17
BRDA:183,47,1,0
BRDA:198,48,0,7
BRDA:198,48,1,4
BRDA:223,49,0,2
BRDA:223,49,1,0
BRDA:225,50,0,1
BRDA:225,50,1,1
BRDA:264,51,0,1
BRDA:264,51,1,3
BRDA:264,52,0,4
BRDA:264,52,1,2
BRDA:271,53,0,4
BRDA:271,53,1,2
BRF:100
BRH:98
end_of_record
TN:
SF:src\composable\useSurveyFilters.ts
FN:12,useSurveyFilters
FN:25,(anonymous_1)
FN:32,(anonymous_2)
FN:39,(anonymous_3)
FN:67,(anonymous_4)
FN:68,(anonymous_5)
FN:75,(anonymous_6)
FN:82,(anonymous_7)
FN:83,(anonymous_8)
FN:92,(anonymous_9)
FN:100,(anonymous_10)
FN:108,(anonymous_11)
FN:115,(anonymous_12)
FN:122,(anonymous_13)
FN:129,(anonymous_14)
FNF:15
FNH:14
FNDA:19,useSurveyFilters
FNDA:16,(anonymous_1)
FNDA:26,(anonymous_2)
FNDA:8,(anonymous_3)
FNDA:4,(anonymous_4)
FNDA:5,(anonymous_5)
FNDA:5,(anonymous_6)
FNDA:5,(anonymous_7)
FNDA:5,(anonymous_8)
FNDA:25,(anonymous_9)
FNDA:1,(anonymous_10)
FNDA:1,(anonymous_11)
FNDA:0,(anonymous_12)
FNDA:1,(anonymous_13)
FNDA:7,(anonymous_14)
DA:14,19
DA:20,19
DA:25,19
DA:26,16
DA:27,16
DA:30,16
DA:31,7
DA:32,7
DA:33,26
DA:38,16
DA:39,2
DA:40,8
DA:43,8
DA:44,8
DA:48,0
DA:49,0
DA:53,0
DA:54,0
DA:57,0
DA:61,16
DA:67,19
DA:68,4
DA:69,5
DA:70,5
DA:72,5
DA:75,5
DA:82,19
DA:83,5
DA:84,5
DA:85,5
DA:87,5
DA:90,5
DA:92,25
DA:100,19
DA:101,1
DA:102,1
DA:108,19
DA:109,1
DA:115,19
DA:116,0
DA:122,19
DA:123,1
DA:129,19
DA:130,7
DA:133,19
LF:45
LH:39
BRDA:26,0,0,16
BRDA:26,0,1,0
BRDA:30,1,0,7
BRDA:30,1,1,9
BRDA:38,2,0,2
BRDA:38,2,1,14
BRDA:38,3,0,16
BRDA:38,3,1,14
BRDA:43,4,0,8
BRDA:43,4,1,0
BRDA:43,5,0,8
BRDA:43,5,1,8
BRDA:44,6,0,8
BRDA:44,6,1,6
BRDA:48,7,0,0
BRDA:48,7,1,0
BRDA:53,8,0,0
BRDA:53,8,1,0
BRDA:70,9,0,5
BRDA:70,9,1,4
BRDA:82,10,0,5
BRDA:85,11,0,5
BRDA:85,11,1,4
BRDA:92,12,0,25
BRDA:92,12,1,4
BRDA:92,13,0,25
BRDA:92,13,1,2
BRF:27
BRH:21
end_of_record
TN:
SF:src\composable\useSurveyUseCases.ts
FN:13,useSurveyUseCases
FN:20,(anonymous_1)
FN:22,(anonymous_2)
FN:30,(anonymous_3)
FN:34,(anonymous_4)
FN:37,(anonymous_5)
FN:57,(anonymous_6)
FN:86,(anonymous_7)
FN:95,(anonymous_8)
FN:103,(anonymous_9)
FN:112,(anonymous_10)
FN:113,(anonymous_11)
FN:122,(anonymous_12)
FN:133,(anonymous_13)
FN:141,(anonymous_14)
FN:150,(anonymous_15)
FN:153,(anonymous_16)
FN:165,(anonymous_17)
FN:174,(anonymous_18)
FN:182,(anonymous_19)
FNF:20
FNH:14
FNDA:34,useSurveyUseCases
FNDA:2,(anonymous_1)
FNDA:1,(anonymous_2)
FNDA:1,(anonymous_3)
FNDA:4,(anonymous_4)
FNDA:4,(anonymous_5)
FNDA:4,(anonymous_6)
FNDA:0,(anonymous_7)
FNDA:3,(anonymous_8)
FNDA:0,(anonymous_9)
FNDA:11,(anonymous_10)
FNDA:11,(anonymous_11)
FNDA:0,(anonymous_12)
FNDA:3,(anonymous_13)
FNDA:0,(anonymous_14)
FNDA:4,(anonymous_15)
FNDA:1,(anonymous_16)
FNDA:0,(anonymous_17)
FNDA:3,(anonymous_18)
FNDA:0,(anonymous_19)
DA:14,34
DA:15,34
DA:16,34
DA:17,34
DA:18,34
DA:20,34
DA:22,2
DA:23,1
DA:27,2
DA:30,34
DA:31,1
DA:34,34
DA:35,4
DA:37,4
DA:38,4
DA:45,4
DA:47,2
DA:49,1
DA:51,1
DA:53,2
DA:57,34
DA:58,4
DA:60,4
DA:61,4
DA:63,4
DA:64,3
DA:65,3
DA:69,4
DA:72,3
DA:73,1
DA:76,1
DA:81,1
DA:83,1
DA:84,1
DA:86,0
DA:89,0
DA:91,1
DA:95,34
DA:96,3
DA:97,3
DA:99,2
DA:100,1
DA:101,1
DA:103,0
DA:106,1
DA:108,2
DA:112,34
DA:113,11
DA:114,11
DA:115,10
DA:116,10
DA:118,5
DA:119,4
DA:120,4
DA:122,0
DA:125,1
DA:127,5
DA:133,34
DA:134,3
DA:135,3
DA:137,2
DA:138,1
DA:139,1
DA:141,0
DA:144,1
DA:146,2
DA:150,34
DA:151,4
DA:153,4
DA:154,4
DA:159,4
DA:161,2
DA:162,1
DA:163,1
DA:165,0
DA:168,1
DA:170,2
DA:174,34
DA:175,3
DA:176,3
DA:178,2
DA:179,1
DA:180,1
DA:182,0
DA:185,1
DA:187,2
DA:191,34
LF:87
LH:80
BRDA:38,0,0,1
BRDA:38,0,1,3
BRDA:39,1,0,1
BRDA:39,1,1,0
BRDA:39,1,2,0
BRDA:41,2,0,1
BRDA:41,2,1,0
BRDA:41,2,2,0
BRDA:47,3,0,1
BRDA:47,3,1,1
BRDA:63,4,0,3
BRDA:63,4,1,1
BRDA:65,5,0,3
BRDA:65,5,1,1
BRDA:72,6,0,1
BRDA:72,6,1,2
BRDA:77,7,0,1
BRDA:77,7,1,0
BRDA:81,8,0,1
BRDA:81,8,1,0
BRDA:83,9,0,1
BRDA:83,9,1,0
BRDA:86,10,0,0
BRDA:86,10,1,0
BRDA:99,11,0,1
BRDA:99,11,1,1
BRDA:100,12,0,1
BRDA:100,12,1,0
BRDA:103,13,0,0
BRDA:103,13,1,0
BRDA:114,14,0,10
BRDA:114,14,1,1
BRDA:118,15,0,4
BRDA:118,15,1,1
BRDA:119,16,0,4
BRDA:119,16,1,2
BRDA:122,17,0,0
BRDA:122,17,1,1
BRDA:137,18,0,1
BRDA:137,18,1,1
BRDA:138,19,0,1
BRDA:138,19,1,1
BRDA:141,20,0,0
BRDA:141,20,1,0
BRDA:154,21,0,1
BRDA:154,21,1,3
BRDA:155,22,0,1
BRDA:155,22,1,0
BRDA:155,22,2,0
BRDA:156,23,0,1
BRDA:156,23,1,0
BRDA:156,23,2,0
BRDA:161,24,0,1
BRDA:161,24,1,1
BRDA:162,25,0,1
BRDA:162,25,1,0
BRDA:165,26,0,0
BRDA:165,26,1,0
BRDA:178,27,0,1
BRDA:178,27,1,1
BRDA:179,28,0,1
BRDA:179,28,1,0
BRDA:182,29,0,0
BRDA:182,29,1,0
BRF:64
BRH:39
end_of_record
TN:
SF:src\services\listenerRegistry.ts
FN:48,(anonymous_0)
FN:74,(anonymous_1)
FN:94,(anonymous_2)
FN:97,(anonymous_3)
FN:107,(anonymous_4)
FN:123,(anonymous_5)
FN:135,(anonymous_6)
FN:143,(anonymous_7)
FN:151,(anonymous_8)
FN:153,(anonymous_9)
FN:164,(anonymous_10)
FN:177,(anonymous_11)
FN:178,(anonymous_12)
FN:179,(anonymous_13)
FNF:14
FNH:11
FNDA:50,(anonymous_0)
FNDA:31,(anonymous_1)
FNDA:4,(anonymous_2)
FNDA:7,(anonymous_3)
FNDA:5,(anonymous_4)
FNDA:20,(anonymous_5)
FNDA:32,(anonymous_6)
FNDA:3,(anonymous_7)
FNDA:5,(anonymous_8)
FNDA:5,(anonymous_9)
FNDA:13,(anonymous_10)
FNDA:0,(anonymous_11)
FNDA:0,(anonymous_12)
FNDA:0,(anonymous_13)
DA:4,1
DA:40,33
DA:54,50
DA:55,1
DA:56,1
DA:59,50
DA:66,50
DA:75,31
DA:76,31
DA:77,2
DA:80,29
DA:81,29
DA:83,1
DA:86,29
DA:87,29
DA:88,29
DA:95,4
DA:96,4
DA:97,7
DA:108,5
DA:118,5
DA:120,5
DA:122,5
DA:123,5
DA:124,20
DA:125,12
DA:136,32
DA:144,3
DA:152,5
DA:153,5
DA:165,13
DA:172,1
DA:175,1
DA:176,1
DA:177,0
DA:178,0
DA:179,0
LF:37
LH:34
BRDA:51,0,0,50
BRDA:54,1,0,1
BRDA:54,1,1,49
BRDA:76,2,0,2
BRDA:76,2,1,29
BRDA:83,3,0,1
BRDA:83,3,1,0
BRDA:120,4,0,2
BRDA:120,4,1,3
BRDA:124,5,0,12
BRDA:124,5,1,8
BRDA:175,6,0,1
BRDA:175,6,1,0
BRF:13
BRH:11
end_of_record
